[2023-07-12T03:53:10.241+0000] {taskinstance.py:1103} INFO - Dependencies all met for dep_context=non-requeueable deps ti=<TaskInstance: etl_movies.spark_etl_movies manual__2023-07-12T03:52:56.686154+00:00 [queued]>
[2023-07-12T03:53:10.248+0000] {taskinstance.py:1103} INFO - Dependencies all met for dep_context=requeueable deps ti=<TaskInstance: etl_movies.spark_etl_movies manual__2023-07-12T03:52:56.686154+00:00 [queued]>
[2023-07-12T03:53:10.249+0000] {taskinstance.py:1308} INFO - Starting attempt 1 of 1
[2023-07-12T03:53:10.258+0000] {taskinstance.py:1327} INFO - Executing <Task(SparkSubmitOperator): spark_etl_movies> on 2023-07-12 03:52:56.686154+00:00
[2023-07-12T03:53:10.262+0000] {standard_task_runner.py:57} INFO - Started process 719 to run task
[2023-07-12T03:53:10.266+0000] {standard_task_runner.py:84} INFO - Running: ['***', 'tasks', 'run', 'etl_movies', 'spark_etl_movies', 'manual__2023-07-12T03:52:56.686154+00:00', '--job-id', '70', '--raw', '--subdir', 'DAGS_FOLDER/etl_movies.py', '--cfg-path', '/tmp/tmpoxlwifs0']
[2023-07-12T03:53:10.268+0000] {standard_task_runner.py:85} INFO - Job 70: Subtask spark_etl_movies
[2023-07-12T03:53:10.330+0000] {task_command.py:410} INFO - Running <TaskInstance: etl_movies.spark_etl_movies manual__2023-07-12T03:52:56.686154+00:00 [running]> on host 0bf9f3d34194
[2023-07-12T03:53:10.428+0000] {taskinstance.py:1547} INFO - Exporting env vars: AIRFLOW_CTX_DAG_OWNER='Diego Rojas' AIRFLOW_CTX_DAG_ID='etl_movies' AIRFLOW_CTX_TASK_ID='spark_etl_movies' AIRFLOW_CTX_EXECUTION_DATE='2023-07-12T03:52:56.686154+00:00' AIRFLOW_CTX_TRY_NUMBER='1' AIRFLOW_CTX_DAG_RUN_ID='manual__2023-07-12T03:52:56.686154+00:00'
[2023-07-12T03:53:10.441+0000] {base.py:73} INFO - Using connection ID 'spark_default' for task execution.
[2023-07-12T03:53:10.442+0000] {spark_submit.py:339} INFO - Spark-Submit cmd: spark-submit --master spark://spark:7077 --driver-class-path /tmp/drivers/postgresql-42.5.2.jar --name arrow-spark /opt/***/scripts/ETL_Movies.py
[2023-07-12T03:53:10.543+0000] {spark_submit.py:490} INFO - /home/***/.local/lib/python3.7/site-packages/pyspark/bin/load-spark-env.sh: line 68: ps: command not found
[2023-07-12T03:53:12.822+0000] {spark_submit.py:490} INFO - Corriendo script
[2023-07-12T03:53:12.826+0000] {spark_submit.py:490} INFO - >>> [init] Inicializando ETL...
[2023-07-12T03:53:12.929+0000] {spark_submit.py:490} INFO - 23/07/12 03:53:12 INFO SparkContext: Running Spark version 3.4.1
[2023-07-12T03:53:12.979+0000] {spark_submit.py:490} INFO - 23/07/12 03:53:12 WARN NativeCodeLoader: Unable to load native-hadoop library for your platform... using builtin-java classes where applicable
[2023-07-12T03:53:13.039+0000] {spark_submit.py:490} INFO - 23/07/12 03:53:13 INFO ResourceUtils: ==============================================================
[2023-07-12T03:53:13.040+0000] {spark_submit.py:490} INFO - 23/07/12 03:53:13 INFO ResourceUtils: No custom resources configured for spark.driver.
[2023-07-12T03:53:13.041+0000] {spark_submit.py:490} INFO - 23/07/12 03:53:13 INFO ResourceUtils: ==============================================================
[2023-07-12T03:53:13.042+0000] {spark_submit.py:490} INFO - 23/07/12 03:53:13 INFO SparkContext: Submitted application: ETL Spark
[2023-07-12T03:53:13.060+0000] {spark_submit.py:490} INFO - 23/07/12 03:53:13 INFO ResourceProfile: Default ResourceProfile created, executor resources: Map(cores -> name: cores, amount: 1, script: , vendor: , memory -> name: memory, amount: 1024, script: , vendor: , offHeap -> name: offHeap, amount: 0, script: , vendor: ), task resources: Map(cpus -> name: cpus, amount: 1.0)
[2023-07-12T03:53:13.067+0000] {spark_submit.py:490} INFO - 23/07/12 03:53:13 INFO ResourceProfile: Limiting resource is cpu
[2023-07-12T03:53:13.068+0000] {spark_submit.py:490} INFO - 23/07/12 03:53:13 INFO ResourceProfileManager: Added ResourceProfile id: 0
[2023-07-12T03:53:13.119+0000] {spark_submit.py:490} INFO - 23/07/12 03:53:13 INFO SecurityManager: Changing view acls to: ***
[2023-07-12T03:53:13.120+0000] {spark_submit.py:490} INFO - 23/07/12 03:53:13 INFO SecurityManager: Changing modify acls to: ***
[2023-07-12T03:53:13.121+0000] {spark_submit.py:490} INFO - 23/07/12 03:53:13 INFO SecurityManager: Changing view acls groups to:
[2023-07-12T03:53:13.122+0000] {spark_submit.py:490} INFO - 23/07/12 03:53:13 INFO SecurityManager: Changing modify acls groups to:
[2023-07-12T03:53:13.122+0000] {spark_submit.py:490} INFO - 23/07/12 03:53:13 INFO SecurityManager: SecurityManager: authentication disabled; ui acls disabled; users with view permissions: ***; groups with view permissions: EMPTY; users with modify permissions: ***; groups with modify permissions: EMPTY
[2023-07-12T03:53:13.286+0000] {spark_submit.py:490} INFO - 23/07/12 03:53:13 INFO Utils: Successfully started service 'sparkDriver' on port 33695.
[2023-07-12T03:53:13.317+0000] {spark_submit.py:490} INFO - 23/07/12 03:53:13 INFO SparkEnv: Registering MapOutputTracker
[2023-07-12T03:53:13.343+0000] {spark_submit.py:490} INFO - 23/07/12 03:53:13 INFO SparkEnv: Registering BlockManagerMaster
[2023-07-12T03:53:13.356+0000] {spark_submit.py:490} INFO - 23/07/12 03:53:13 INFO BlockManagerMasterEndpoint: Using org.apache.spark.storage.DefaultTopologyMapper for getting topology information
[2023-07-12T03:53:13.356+0000] {spark_submit.py:490} INFO - 23/07/12 03:53:13 INFO BlockManagerMasterEndpoint: BlockManagerMasterEndpoint up
[2023-07-12T03:53:13.363+0000] {spark_submit.py:490} INFO - 23/07/12 03:53:13 INFO SparkEnv: Registering BlockManagerMasterHeartbeat
[2023-07-12T03:53:13.380+0000] {spark_submit.py:490} INFO - 23/07/12 03:53:13 INFO DiskBlockManager: Created local directory at /tmp/blockmgr-03ad9982-aaae-413e-bf57-eef920838c21
[2023-07-12T03:53:13.395+0000] {spark_submit.py:490} INFO - 23/07/12 03:53:13 INFO MemoryStore: MemoryStore started with capacity 434.4 MiB
[2023-07-12T03:53:13.412+0000] {spark_submit.py:490} INFO - 23/07/12 03:53:13 INFO SparkEnv: Registering OutputCommitCoordinator
[2023-07-12T03:53:13.576+0000] {spark_submit.py:490} INFO - 23/07/12 03:53:13 INFO JettyUtils: Start Jetty 0.0.0.0:4040 for SparkUI
[2023-07-12T03:53:13.636+0000] {spark_submit.py:490} INFO - 23/07/12 03:53:13 INFO Utils: Successfully started service 'SparkUI' on port 4040.
[2023-07-12T03:53:13.663+0000] {spark_submit.py:490} INFO - 23/07/12 03:53:13 INFO SparkContext: Added JAR /tmp/drivers/postgresql-42.5.2.jar at spark://0bf9f3d34194:33695/jars/postgresql-42.5.2.jar with timestamp 1689133992911
[2023-07-12T03:53:13.709+0000] {spark_submit.py:490} INFO - 23/07/12 03:53:13 INFO Executor: Starting executor ID driver on host 0bf9f3d34194
[2023-07-12T03:53:13.713+0000] {spark_submit.py:490} INFO - 23/07/12 03:53:13 INFO Executor: Starting executor with user classpath (userClassPathFirst = false): 'file:/tmp/drivers/postgresql-42.5.2.jar,file:/opt/***/postgresql-42.5.2.jar'
[2023-07-12T03:53:13.734+0000] {spark_submit.py:490} INFO - 23/07/12 03:53:13 INFO Utils: Successfully started service 'org.apache.spark.network.netty.NettyBlockTransferService' on port 44631.
[2023-07-12T03:53:13.735+0000] {spark_submit.py:490} INFO - 23/07/12 03:53:13 INFO NettyBlockTransferService: Server created on 0bf9f3d34194:44631
[2023-07-12T03:53:13.736+0000] {spark_submit.py:490} INFO - 23/07/12 03:53:13 INFO BlockManager: Using org.apache.spark.storage.RandomBlockReplicationPolicy for block replication policy
[2023-07-12T03:53:13.740+0000] {spark_submit.py:490} INFO - 23/07/12 03:53:13 INFO BlockManagerMaster: Registering BlockManager BlockManagerId(driver, 0bf9f3d34194, 44631, None)
[2023-07-12T03:53:13.744+0000] {spark_submit.py:490} INFO - 23/07/12 03:53:13 INFO BlockManagerMasterEndpoint: Registering block manager 0bf9f3d34194:44631 with 434.4 MiB RAM, BlockManagerId(driver, 0bf9f3d34194, 44631, None)
[2023-07-12T03:53:13.745+0000] {spark_submit.py:490} INFO - 23/07/12 03:53:13 INFO BlockManagerMaster: Registered BlockManager BlockManagerId(driver, 0bf9f3d34194, 44631, None)
[2023-07-12T03:53:13.745+0000] {spark_submit.py:490} INFO - 23/07/12 03:53:13 INFO BlockManager: Initialized BlockManager: BlockManagerId(driver, 0bf9f3d34194, 44631, None)
[2023-07-12T03:53:14.246+0000] {spark_submit.py:490} INFO - /home/***/.local/lib/python3.7/site-packages/pyspark/python/lib/pyspark.zip/pyspark/context.py:317: FutureWarning: Python 3.7 support is deprecated in Spark 3.4.
[2023-07-12T03:53:14.250+0000] {spark_submit.py:490} INFO - warnings.warn("Python 3.7 support is deprecated in Spark 3.4.", FutureWarning)
[2023-07-12T03:53:14.543+0000] {spark_submit.py:490} INFO - >>> [init] Conectando a Redshift...
[2023-07-12T03:53:15.997+0000] {spark_submit.py:490} INFO - >>> [init] Conexión exitosa
[2023-07-12T03:53:16.002+0000] {spark_submit.py:490} INFO - >>> [execute] Ejecutando ETL...
[2023-07-12T03:53:16.003+0000] {spark_submit.py:490} INFO - >>> [E] Extrayendo datos de la API...
[2023-07-12T03:53:16.004+0000] {spark_submit.py:490} INFO - https://imdb-api.com/en/API/Top250Movies/k_lyn14g07
[2023-07-12T03:53:19.097+0000] {spark_submit.py:490} INFO - 200
[2023-07-12T03:53:19.102+0000] {spark_submit.py:490} INFO - []
[2023-07-12T03:53:19.222+0000] {spark_submit.py:490} INFO - 23/07/12 03:53:19 INFO SharedState: Setting hive.metastore.warehouse.dir ('null') to the value of spark.sql.warehouse.dir.
[2023-07-12T03:53:19.228+0000] {spark_submit.py:490} INFO - 23/07/12 03:53:19 INFO SharedState: Warehouse path is 'file:/opt/***/spark-warehouse'.
[2023-07-12T03:53:22.415+0000] {spark_submit.py:490} INFO - 23/07/12 03:53:22 INFO CodeGenerator: Code generated in 234.251042 ms
[2023-07-12T03:53:22.492+0000] {spark_submit.py:490} INFO - 23/07/12 03:53:22 INFO SparkContext: Starting job: json at NativeMethodAccessorImpl.java:0
[2023-07-12T03:53:22.500+0000] {spark_submit.py:490} INFO - 23/07/12 03:53:22 INFO DAGScheduler: Got job 0 (json at NativeMethodAccessorImpl.java:0) with 1 output partitions
[2023-07-12T03:53:22.503+0000] {spark_submit.py:490} INFO - 23/07/12 03:53:22 INFO DAGScheduler: Final stage: ResultStage 0 (json at NativeMethodAccessorImpl.java:0)
[2023-07-12T03:53:22.505+0000] {spark_submit.py:490} INFO - 23/07/12 03:53:22 INFO DAGScheduler: Parents of final stage: List()
[2023-07-12T03:53:22.505+0000] {spark_submit.py:490} INFO - 23/07/12 03:53:22 INFO DAGScheduler: Missing parents: List()
[2023-07-12T03:53:22.510+0000] {spark_submit.py:490} INFO - 23/07/12 03:53:22 INFO DAGScheduler: Submitting ResultStage 0 (MapPartitionsRDD[6] at json at NativeMethodAccessorImpl.java:0), which has no missing parents
[2023-07-12T03:53:22.583+0000] {spark_submit.py:490} INFO - 23/07/12 03:53:22 INFO MemoryStore: Block broadcast_0 stored as values in memory (estimated size 20.0 KiB, free 434.4 MiB)
[2023-07-12T03:53:22.611+0000] {spark_submit.py:490} INFO - 23/07/12 03:53:22 INFO MemoryStore: Block broadcast_0_piece0 stored as bytes in memory (estimated size 9.7 KiB, free 434.4 MiB)
[2023-07-12T03:53:22.613+0000] {spark_submit.py:490} INFO - 23/07/12 03:53:22 INFO BlockManagerInfo: Added broadcast_0_piece0 in memory on 0bf9f3d34194:44631 (size: 9.7 KiB, free: 434.4 MiB)
[2023-07-12T03:53:22.616+0000] {spark_submit.py:490} INFO - 23/07/12 03:53:22 INFO SparkContext: Created broadcast 0 from broadcast at DAGScheduler.scala:1535
[2023-07-12T03:53:22.625+0000] {spark_submit.py:490} INFO - 23/07/12 03:53:22 INFO DAGScheduler: Submitting 1 missing tasks from ResultStage 0 (MapPartitionsRDD[6] at json at NativeMethodAccessorImpl.java:0) (first 15 tasks are for partitions Vector(0))
[2023-07-12T03:53:22.626+0000] {spark_submit.py:490} INFO - 23/07/12 03:53:22 INFO TaskSchedulerImpl: Adding task set 0.0 with 1 tasks resource profile 0
[2023-07-12T03:53:22.667+0000] {spark_submit.py:490} INFO - 23/07/12 03:53:22 INFO TaskSetManager: Starting task 0.0 in stage 0.0 (TID 0) (0bf9f3d34194, executor driver, partition 0, PROCESS_LOCAL, 7343 bytes)
[2023-07-12T03:53:22.677+0000] {spark_submit.py:490} INFO - 23/07/12 03:53:22 INFO Executor: Running task 0.0 in stage 0.0 (TID 0)
[2023-07-12T03:53:23.441+0000] {spark_submit.py:490} INFO - 23/07/12 03:53:23 INFO PythonRunner: Times: total = 655, boot = 644, init = 10, finish = 1
[2023-07-12T03:53:23.468+0000] {spark_submit.py:490} INFO - 23/07/12 03:53:23 INFO Executor: Finished task 0.0 in stage 0.0 (TID 0). 2089 bytes result sent to driver
[2023-07-12T03:53:23.475+0000] {spark_submit.py:490} INFO - 23/07/12 03:53:23 INFO TaskSetManager: Finished task 0.0 in stage 0.0 (TID 0) in 816 ms on 0bf9f3d34194 (executor driver) (1/1)
[2023-07-12T03:53:23.480+0000] {spark_submit.py:490} INFO - 23/07/12 03:53:23 INFO TaskSchedulerImpl: Removed TaskSet 0.0, whose tasks have all completed, from pool
[2023-07-12T03:53:23.481+0000] {spark_submit.py:490} INFO - 23/07/12 03:53:23 INFO PythonAccumulatorV2: Connected to AccumulatorServer at host: 127.0.0.1 port: 60369
[2023-07-12T03:53:23.484+0000] {spark_submit.py:490} INFO - 23/07/12 03:53:23 INFO DAGScheduler: ResultStage 0 (json at NativeMethodAccessorImpl.java:0) finished in 0.967 s
[2023-07-12T03:53:23.487+0000] {spark_submit.py:490} INFO - 23/07/12 03:53:23 INFO DAGScheduler: Job 0 is finished. Cancelling potential speculative or zombie tasks for this job
[2023-07-12T03:53:23.487+0000] {spark_submit.py:490} INFO - 23/07/12 03:53:23 INFO TaskSchedulerImpl: Killing all running tasks in stage 0: Stage finished
[2023-07-12T03:53:23.488+0000] {spark_submit.py:490} INFO - 23/07/12 03:53:23 INFO DAGScheduler: Job 0 finished: json at NativeMethodAccessorImpl.java:0, took 0.995989 s
[2023-07-12T03:53:23.580+0000] {spark_submit.py:490} INFO - root
[2023-07-12T03:53:23.581+0000] {spark_submit.py:490} INFO - 
[2023-07-12T03:53:23.635+0000] {spark_submit.py:490} INFO - 23/07/12 03:53:23 INFO CodeGenerator: Code generated in 5.661458 ms
[2023-07-12T03:53:23.643+0000] {spark_submit.py:490} INFO - 23/07/12 03:53:23 INFO SparkContext: Starting job: showString at NativeMethodAccessorImpl.java:0
[2023-07-12T03:53:23.644+0000] {spark_submit.py:490} INFO - 23/07/12 03:53:23 INFO DAGScheduler: Got job 1 (showString at NativeMethodAccessorImpl.java:0) with 1 output partitions
[2023-07-12T03:53:23.645+0000] {spark_submit.py:490} INFO - 23/07/12 03:53:23 INFO DAGScheduler: Final stage: ResultStage 1 (showString at NativeMethodAccessorImpl.java:0)
[2023-07-12T03:53:23.646+0000] {spark_submit.py:490} INFO - 23/07/12 03:53:23 INFO DAGScheduler: Parents of final stage: List()
[2023-07-12T03:53:23.646+0000] {spark_submit.py:490} INFO - 23/07/12 03:53:23 INFO DAGScheduler: Missing parents: List()
[2023-07-12T03:53:23.647+0000] {spark_submit.py:490} INFO - 23/07/12 03:53:23 INFO DAGScheduler: Submitting ResultStage 1 (MapPartitionsRDD[12] at showString at NativeMethodAccessorImpl.java:0), which has no missing parents
[2023-07-12T03:53:23.654+0000] {spark_submit.py:490} INFO - 23/07/12 03:53:23 INFO MemoryStore: Block broadcast_1 stored as values in memory (estimated size 17.6 KiB, free 434.4 MiB)
[2023-07-12T03:53:23.656+0000] {spark_submit.py:490} INFO - 23/07/12 03:53:23 INFO MemoryStore: Block broadcast_1_piece0 stored as bytes in memory (estimated size 9.0 KiB, free 434.3 MiB)
[2023-07-12T03:53:23.657+0000] {spark_submit.py:490} INFO - 23/07/12 03:53:23 INFO BlockManagerInfo: Added broadcast_1_piece0 in memory on 0bf9f3d34194:44631 (size: 9.0 KiB, free: 434.4 MiB)
[2023-07-12T03:53:23.658+0000] {spark_submit.py:490} INFO - 23/07/12 03:53:23 INFO SparkContext: Created broadcast 1 from broadcast at DAGScheduler.scala:1535
[2023-07-12T03:53:23.658+0000] {spark_submit.py:490} INFO - 23/07/12 03:53:23 INFO DAGScheduler: Submitting 1 missing tasks from ResultStage 1 (MapPartitionsRDD[12] at showString at NativeMethodAccessorImpl.java:0) (first 15 tasks are for partitions Vector(0))
[2023-07-12T03:53:23.659+0000] {spark_submit.py:490} INFO - 23/07/12 03:53:23 INFO TaskSchedulerImpl: Adding task set 1.0 with 1 tasks resource profile 0
[2023-07-12T03:53:23.661+0000] {spark_submit.py:490} INFO - 23/07/12 03:53:23 INFO TaskSetManager: Starting task 0.0 in stage 1.0 (TID 1) (0bf9f3d34194, executor driver, partition 0, PROCESS_LOCAL, 7343 bytes)
[2023-07-12T03:53:23.663+0000] {spark_submit.py:490} INFO - 23/07/12 03:53:23 INFO Executor: Running task 0.0 in stage 1.0 (TID 1)
[2023-07-12T03:53:23.705+0000] {spark_submit.py:490} INFO - 23/07/12 03:53:23 INFO PythonRunner: Times: total = 4, boot = -228, init = 232, finish = 0
[2023-07-12T03:53:23.710+0000] {spark_submit.py:490} INFO - 23/07/12 03:53:23 INFO Executor: Finished task 0.0 in stage 1.0 (TID 1). 1942 bytes result sent to driver
[2023-07-12T03:53:23.712+0000] {spark_submit.py:490} INFO - 23/07/12 03:53:23 INFO TaskSetManager: Finished task 0.0 in stage 1.0 (TID 1) in 52 ms on 0bf9f3d34194 (executor driver) (1/1)
[2023-07-12T03:53:23.713+0000] {spark_submit.py:490} INFO - 23/07/12 03:53:23 INFO TaskSchedulerImpl: Removed TaskSet 1.0, whose tasks have all completed, from pool
[2023-07-12T03:53:23.713+0000] {spark_submit.py:490} INFO - 23/07/12 03:53:23 INFO DAGScheduler: ResultStage 1 (showString at NativeMethodAccessorImpl.java:0) finished in 0.064 s
[2023-07-12T03:53:23.714+0000] {spark_submit.py:490} INFO - 23/07/12 03:53:23 INFO DAGScheduler: Job 1 is finished. Cancelling potential speculative or zombie tasks for this job
[2023-07-12T03:53:23.715+0000] {spark_submit.py:490} INFO - 23/07/12 03:53:23 INFO TaskSchedulerImpl: Killing all running tasks in stage 1: Stage finished
[2023-07-12T03:53:23.716+0000] {spark_submit.py:490} INFO - 23/07/12 03:53:23 INFO DAGScheduler: Job 1 finished: showString at NativeMethodAccessorImpl.java:0, took 0.070486 s
[2023-07-12T03:53:23.721+0000] {spark_submit.py:490} INFO - ++
[2023-07-12T03:53:23.722+0000] {spark_submit.py:490} INFO - ||
[2023-07-12T03:53:23.723+0000] {spark_submit.py:490} INFO - ++
[2023-07-12T03:53:23.725+0000] {spark_submit.py:490} INFO - ++
[2023-07-12T03:53:23.726+0000] {spark_submit.py:490} INFO - 
[2023-07-12T03:53:23.730+0000] {spark_submit.py:490} INFO - >>> [T] Transformando datos...
[2023-07-12T03:53:23.873+0000] {spark_submit.py:490} INFO - 23/07/12 03:53:23 INFO BlockManagerInfo: Removed broadcast_1_piece0 on 0bf9f3d34194:44631 in memory (size: 9.0 KiB, free: 434.4 MiB)
[2023-07-12T03:53:23.878+0000] {spark_submit.py:490} INFO - 23/07/12 03:53:23 INFO BlockManagerInfo: Removed broadcast_0_piece0 on 0bf9f3d34194:44631 in memory (size: 9.7 KiB, free: 434.4 MiB)
[2023-07-12T03:53:23.898+0000] {spark_submit.py:490} INFO - Traceback (most recent call last):
[2023-07-12T03:53:23.899+0000] {spark_submit.py:490} INFO - File "/opt/***/scripts/ETL_Movies.py", line 100, in <module>
[2023-07-12T03:53:23.900+0000] {spark_submit.py:490} INFO - etl.run()
[2023-07-12T03:53:23.901+0000] {spark_submit.py:490} INFO - File "/opt/***/scripts/ETL_Movies.py", line 18, in run
[2023-07-12T03:53:23.902+0000] {spark_submit.py:490} INFO - self.execute(process_date)
[2023-07-12T03:53:23.902+0000] {spark_submit.py:490} INFO - File "/opt/***/scripts/commons.py", line 71, in execute
[2023-07-12T03:53:23.903+0000] {spark_submit.py:490} INFO - df_transformed = self.transform(df_api)
[2023-07-12T03:53:23.903+0000] {spark_submit.py:490} INFO - File "/opt/***/scripts/ETL_Movies.py", line 58, in transform
[2023-07-12T03:53:23.904+0000] {spark_submit.py:490} INFO - df = df.withColumn('imDbRatingCount', col('imDbRatingCount') / 1000)
[2023-07-12T03:53:23.904+0000] {spark_submit.py:490} INFO - File "/home/***/.local/lib/python3.7/site-packages/pyspark/python/lib/pyspark.zip/pyspark/sql/dataframe.py", line 4789, in withColumn
[2023-07-12T03:53:23.905+0000] {spark_submit.py:490} INFO - File "/home/***/.local/lib/python3.7/site-packages/pyspark/python/lib/py4j-0.10.9.7-src.zip/py4j/java_gateway.py", line 1323, in __call__
[2023-07-12T03:53:23.906+0000] {spark_submit.py:490} INFO - File "/home/***/.local/lib/python3.7/site-packages/pyspark/python/lib/pyspark.zip/pyspark/errors/exceptions/captured.py", line 175, in deco
[2023-07-12T03:53:23.910+0000] {spark_submit.py:490} INFO - pyspark.errors.exceptions.captured.AnalysisException: [UNRESOLVED_COLUMN.WITHOUT_SUGGESTION] A column or function parameter with name `imDbRatingCount` cannot be resolved. ;
[2023-07-12T03:53:23.910+0000] {spark_submit.py:490} INFO - 'Project [('imDbRatingCount / 1000) AS imDbRatingCount#7]
[2023-07-12T03:53:23.911+0000] {spark_submit.py:490} INFO - +- Deduplicate
[2023-07-12T03:53:23.911+0000] {spark_submit.py:490} INFO - +- LogicalRDD false
[2023-07-12T03:53:23.912+0000] {spark_submit.py:490} INFO - 
[2023-07-12T03:53:23.950+0000] {spark_submit.py:490} INFO - 23/07/12 03:53:23 INFO SparkContext: Invoking stop() from shutdown hook
[2023-07-12T03:53:23.951+0000] {spark_submit.py:490} INFO - 23/07/12 03:53:23 INFO SparkContext: SparkContext is stopping with exitCode 0.
[2023-07-12T03:53:23.964+0000] {spark_submit.py:490} INFO - 23/07/12 03:53:23 INFO SparkUI: Stopped Spark web UI at http://0bf9f3d34194:4040
[2023-07-12T03:53:23.977+0000] {spark_submit.py:490} INFO - 23/07/12 03:53:23 INFO MapOutputTrackerMasterEndpoint: MapOutputTrackerMasterEndpoint stopped!
[2023-07-12T03:53:23.992+0000] {spark_submit.py:490} INFO - 23/07/12 03:53:23 INFO MemoryStore: MemoryStore cleared
[2023-07-12T03:53:23.993+0000] {spark_submit.py:490} INFO - 23/07/12 03:53:23 INFO BlockManager: BlockManager stopped
[2023-07-12T03:53:23.995+0000] {spark_submit.py:490} INFO - 23/07/12 03:53:23 INFO BlockManagerMaster: BlockManagerMaster stopped
[2023-07-12T03:53:23.997+0000] {spark_submit.py:490} INFO - 23/07/12 03:53:23 INFO OutputCommitCoordinator$OutputCommitCoordinatorEndpoint: OutputCommitCoordinator stopped!
[2023-07-12T03:53:24.004+0000] {spark_submit.py:490} INFO - 23/07/12 03:53:24 INFO SparkContext: Successfully stopped SparkContext
[2023-07-12T03:53:24.005+0000] {spark_submit.py:490} INFO - 23/07/12 03:53:24 INFO ShutdownHookManager: Shutdown hook called
[2023-07-12T03:53:24.006+0000] {spark_submit.py:490} INFO - 23/07/12 03:53:24 INFO ShutdownHookManager: Deleting directory /tmp/spark-7c552ab5-b2b5-4e9e-baea-469fe2871eb4/pyspark-84778a29-ed23-4173-8768-b8cbdd7c5a39
[2023-07-12T03:53:24.010+0000] {spark_submit.py:490} INFO - 23/07/12 03:53:24 INFO ShutdownHookManager: Deleting directory /tmp/spark-7c552ab5-b2b5-4e9e-baea-469fe2871eb4
[2023-07-12T03:53:24.014+0000] {spark_submit.py:490} INFO - 23/07/12 03:53:24 INFO ShutdownHookManager: Deleting directory /tmp/spark-16712916-38c6-4fe6-b70b-51ea0a714a8f
[2023-07-12T03:53:24.131+0000] {taskinstance.py:1824} ERROR - Task failed with exception
Traceback (most recent call last):
  File "/home/airflow/.local/lib/python3.7/site-packages/airflow/providers/apache/spark/operators/spark_submit.py", line 157, in execute
    self._hook.submit(self._application)
  File "/home/airflow/.local/lib/python3.7/site-packages/airflow/providers/apache/spark/hooks/spark_submit.py", line 422, in submit
    f"Cannot execute: {self._mask_cmd(spark_submit_cmd)}. Error code is: {returncode}."
airflow.exceptions.AirflowException: Cannot execute: spark-submit --master spark://spark:7077 --driver-class-path /tmp/drivers/postgresql-42.5.2.jar --name arrow-spark /opt/***/scripts/ETL_Movies.py. Error code is: 1.
[2023-07-12T03:53:24.138+0000] {taskinstance.py:1350} INFO - Marking task as FAILED. dag_id=etl_movies, task_id=spark_etl_movies, execution_date=20230712T035256, start_date=20230712T035310, end_date=20230712T035324
[2023-07-12T03:53:24.185+0000] {standard_task_runner.py:109} ERROR - Failed to execute job 70 for task spark_etl_movies (Cannot execute: spark-submit --master spark://spark:7077 --driver-class-path /tmp/drivers/postgresql-42.5.2.jar --name arrow-spark /opt/***/scripts/ETL_Movies.py. Error code is: 1.; 719)
[2023-07-12T03:53:24.249+0000] {local_task_job_runner.py:225} INFO - Task exited with return code 1
[2023-07-12T03:53:24.398+0000] {taskinstance.py:2653} INFO - 0 downstream tasks scheduled from follow-on schedule check
