[2023-07-12T03:40:00.396+0000] {taskinstance.py:1103} INFO - Dependencies all met for dep_context=non-requeueable deps ti=<TaskInstance: etl_movies.create_table manual__2023-07-12T03:39:57.635306+00:00 [queued]>
[2023-07-12T03:40:00.401+0000] {taskinstance.py:1103} INFO - Dependencies all met for dep_context=requeueable deps ti=<TaskInstance: etl_movies.create_table manual__2023-07-12T03:39:57.635306+00:00 [queued]>
[2023-07-12T03:40:00.402+0000] {taskinstance.py:1308} INFO - Starting attempt 1 of 1
[2023-07-12T03:40:00.411+0000] {taskinstance.py:1327} INFO - Executing <Task(SQLExecuteQueryOperator): create_table> on 2023-07-12 03:39:57.635306+00:00
[2023-07-12T03:40:00.414+0000] {standard_task_runner.py:57} INFO - Started process 193 to run task
[2023-07-12T03:40:00.417+0000] {standard_task_runner.py:84} INFO - Running: ['***', 'tasks', 'run', 'etl_movies', 'create_table', 'manual__2023-07-12T03:39:57.635306+00:00', '--job-id', '64', '--raw', '--subdir', 'DAGS_FOLDER/etl_movies.py', '--cfg-path', '/tmp/tmpr00lju66']
[2023-07-12T03:40:00.419+0000] {standard_task_runner.py:85} INFO - Job 64: Subtask create_table
[2023-07-12T03:40:00.471+0000] {task_command.py:410} INFO - Running <TaskInstance: etl_movies.create_table manual__2023-07-12T03:39:57.635306+00:00 [running]> on host 0bf9f3d34194
[2023-07-12T03:40:00.570+0000] {taskinstance.py:1547} INFO - Exporting env vars: AIRFLOW_CTX_DAG_OWNER='Diego Rojas' AIRFLOW_CTX_DAG_ID='etl_movies' AIRFLOW_CTX_TASK_ID='create_table' AIRFLOW_CTX_EXECUTION_DATE='2023-07-12T03:39:57.635306+00:00' AIRFLOW_CTX_TRY_NUMBER='1' AIRFLOW_CTX_DAG_RUN_ID='manual__2023-07-12T03:39:57.635306+00:00'
[2023-07-12T03:40:00.571+0000] {sql.py:265} INFO - Executing: 
CREATE TABLE IF NOT EXISTS top_movies_imdb (
    crew VARCHAR(256),
    fulltitle VARCHAR(256),
    id VARCHAR(256),
    imdbrating FLOAT,
    imdbratingcount INT,
    image VARCHAR(256),
    rank VARCHAR(256),
    title VARCHAR(256),
    year INT,
    age_of_movie INT,
    rating_scaled FLOAT,
    rating_category VARCHAR(256),
    process_date VARCHAR(10) distkey
) SORTKEY(process_date, id);
[2023-07-12T03:40:00.582+0000] {base.py:73} INFO - Using connection ID 'redshift_default' for task execution.
[2023-07-12T03:40:01.353+0000] {base.py:73} INFO - Using connection ID 'redshift_default' for task execution.
[2023-07-12T03:40:02.837+0000] {sql.py:375} INFO - Running statement: 
CREATE TABLE IF NOT EXISTS top_movies_imdb (
    crew VARCHAR(256),
    fulltitle VARCHAR(256),
    id VARCHAR(256),
    imdbrating FLOAT,
    imdbratingcount INT,
    image VARCHAR(256),
    rank VARCHAR(256),
    title VARCHAR(256),
    year INT,
    age_of_movie INT,
    rating_scaled FLOAT,
    rating_category VARCHAR(256),
    process_date VARCHAR(10) distkey
) SORTKEY(process_date, id);, parameters: None
[2023-07-12T03:40:04.387+0000] {taskinstance.py:1350} INFO - Marking task as SUCCESS. dag_id=etl_movies, task_id=create_table, execution_date=20230712T033957, start_date=20230712T034000, end_date=20230712T034004
[2023-07-12T03:40:04.439+0000] {local_task_job_runner.py:225} INFO - Task exited with return code 0
[2023-07-12T03:40:04.499+0000] {taskinstance.py:2653} INFO - 1 downstream tasks scheduled from follow-on schedule check
