[2023-07-12T03:40:09.842+0000] {taskinstance.py:1103} INFO - Dependencies all met for dep_context=non-requeueable deps ti=<TaskInstance: etl_movies.spark_etl_movies manual__2023-07-12T03:39:57.635306+00:00 [queued]>
[2023-07-12T03:40:09.848+0000] {taskinstance.py:1103} INFO - Dependencies all met for dep_context=requeueable deps ti=<TaskInstance: etl_movies.spark_etl_movies manual__2023-07-12T03:39:57.635306+00:00 [queued]>
[2023-07-12T03:40:09.849+0000] {taskinstance.py:1308} INFO - Starting attempt 1 of 1
[2023-07-12T03:40:09.861+0000] {taskinstance.py:1327} INFO - Executing <Task(SparkSubmitOperator): spark_etl_movies> on 2023-07-12 03:39:57.635306+00:00
[2023-07-12T03:40:09.865+0000] {standard_task_runner.py:57} INFO - Started process 202 to run task
[2023-07-12T03:40:09.868+0000] {standard_task_runner.py:84} INFO - Running: ['***', 'tasks', 'run', 'etl_movies', 'spark_etl_movies', 'manual__2023-07-12T03:39:57.635306+00:00', '--job-id', '66', '--raw', '--subdir', 'DAGS_FOLDER/etl_movies.py', '--cfg-path', '/tmp/tmp05shfedo']
[2023-07-12T03:40:09.869+0000] {standard_task_runner.py:85} INFO - Job 66: Subtask spark_etl_movies
[2023-07-12T03:40:09.938+0000] {task_command.py:410} INFO - Running <TaskInstance: etl_movies.spark_etl_movies manual__2023-07-12T03:39:57.635306+00:00 [running]> on host 0bf9f3d34194
[2023-07-12T03:40:10.034+0000] {taskinstance.py:1547} INFO - Exporting env vars: AIRFLOW_CTX_DAG_OWNER='Diego Rojas' AIRFLOW_CTX_DAG_ID='etl_movies' AIRFLOW_CTX_TASK_ID='spark_etl_movies' AIRFLOW_CTX_EXECUTION_DATE='2023-07-12T03:39:57.635306+00:00' AIRFLOW_CTX_TRY_NUMBER='1' AIRFLOW_CTX_DAG_RUN_ID='manual__2023-07-12T03:39:57.635306+00:00'
[2023-07-12T03:40:10.053+0000] {base.py:73} INFO - Using connection ID 'spark_default' for task execution.
[2023-07-12T03:40:10.054+0000] {spark_submit.py:339} INFO - Spark-Submit cmd: spark-submit --master spark://spark:7077 --driver-class-path /tmp/drivers/postgresql-42.5.2.jar --name arrow-spark /opt/***/scripts/ETL_Movies.py
[2023-07-12T03:40:10.152+0000] {spark_submit.py:490} INFO - /home/***/.local/lib/python3.7/site-packages/pyspark/bin/load-spark-env.sh: line 68: ps: command not found
[2023-07-12T03:40:12.650+0000] {spark_submit.py:490} INFO - Corriendo script
[2023-07-12T03:40:12.653+0000] {spark_submit.py:490} INFO - >>> [init] Inicializando ETL...
[2023-07-12T03:40:12.726+0000] {spark_submit.py:490} INFO - 23/07/12 03:40:12 INFO SparkContext: Running Spark version 3.4.1
[2023-07-12T03:40:12.766+0000] {spark_submit.py:490} INFO - 23/07/12 03:40:12 WARN NativeCodeLoader: Unable to load native-hadoop library for your platform... using builtin-java classes where applicable
[2023-07-12T03:40:12.827+0000] {spark_submit.py:490} INFO - 23/07/12 03:40:12 INFO ResourceUtils: ==============================================================
[2023-07-12T03:40:12.828+0000] {spark_submit.py:490} INFO - 23/07/12 03:40:12 INFO ResourceUtils: No custom resources configured for spark.driver.
[2023-07-12T03:40:12.828+0000] {spark_submit.py:490} INFO - 23/07/12 03:40:12 INFO ResourceUtils: ==============================================================
[2023-07-12T03:40:12.829+0000] {spark_submit.py:490} INFO - 23/07/12 03:40:12 INFO SparkContext: Submitted application: ETL Spark
[2023-07-12T03:40:12.841+0000] {spark_submit.py:490} INFO - 23/07/12 03:40:12 INFO ResourceProfile: Default ResourceProfile created, executor resources: Map(cores -> name: cores, amount: 1, script: , vendor: , memory -> name: memory, amount: 1024, script: , vendor: , offHeap -> name: offHeap, amount: 0, script: , vendor: ), task resources: Map(cpus -> name: cpus, amount: 1.0)
[2023-07-12T03:40:12.849+0000] {spark_submit.py:490} INFO - 23/07/12 03:40:12 INFO ResourceProfile: Limiting resource is cpu
[2023-07-12T03:40:12.849+0000] {spark_submit.py:490} INFO - 23/07/12 03:40:12 INFO ResourceProfileManager: Added ResourceProfile id: 0
[2023-07-12T03:40:12.880+0000] {spark_submit.py:490} INFO - 23/07/12 03:40:12 INFO SecurityManager: Changing view acls to: ***
[2023-07-12T03:40:12.881+0000] {spark_submit.py:490} INFO - 23/07/12 03:40:12 INFO SecurityManager: Changing modify acls to: ***
[2023-07-12T03:40:12.882+0000] {spark_submit.py:490} INFO - 23/07/12 03:40:12 INFO SecurityManager: Changing view acls groups to:
[2023-07-12T03:40:12.882+0000] {spark_submit.py:490} INFO - 23/07/12 03:40:12 INFO SecurityManager: Changing modify acls groups to:
[2023-07-12T03:40:12.882+0000] {spark_submit.py:490} INFO - 23/07/12 03:40:12 INFO SecurityManager: SecurityManager: authentication disabled; ui acls disabled; users with view permissions: ***; groups with view permissions: EMPTY; users with modify permissions: ***; groups with modify permissions: EMPTY
[2023-07-12T03:40:13.113+0000] {spark_submit.py:490} INFO - 23/07/12 03:40:13 INFO Utils: Successfully started service 'sparkDriver' on port 42407.
[2023-07-12T03:40:13.109+0000] {spark_submit.py:490} INFO - 23/07/12 03:40:13 INFO SparkEnv: Registering MapOutputTracker
[2023-07-12T03:40:13.132+0000] {spark_submit.py:490} INFO - 23/07/12 03:40:13 INFO SparkEnv: Registering BlockManagerMaster
[2023-07-12T03:40:13.153+0000] {spark_submit.py:490} INFO - 23/07/12 03:40:13 INFO BlockManagerMasterEndpoint: Using org.apache.spark.storage.DefaultTopologyMapper for getting topology information
[2023-07-12T03:40:13.156+0000] {spark_submit.py:490} INFO - 23/07/12 03:40:13 INFO BlockManagerMasterEndpoint: BlockManagerMasterEndpoint up
[2023-07-12T03:40:13.159+0000] {spark_submit.py:490} INFO - 23/07/12 03:40:13 INFO SparkEnv: Registering BlockManagerMasterHeartbeat
[2023-07-12T03:40:13.186+0000] {spark_submit.py:490} INFO - 23/07/12 03:40:13 INFO DiskBlockManager: Created local directory at /tmp/blockmgr-7199f312-5e2a-48f5-b507-81c5782814c1
[2023-07-12T03:40:13.198+0000] {spark_submit.py:490} INFO - 23/07/12 03:40:13 INFO MemoryStore: MemoryStore started with capacity 434.4 MiB
[2023-07-12T03:40:13.209+0000] {spark_submit.py:490} INFO - 23/07/12 03:40:13 INFO SparkEnv: Registering OutputCommitCoordinator
[2023-07-12T03:40:13.308+0000] {spark_submit.py:490} INFO - 23/07/12 03:40:13 INFO JettyUtils: Start Jetty 0.0.0.0:4040 for SparkUI
[2023-07-12T03:40:13.365+0000] {spark_submit.py:490} INFO - 23/07/12 03:40:13 INFO Utils: Successfully started service 'SparkUI' on port 4040.
[2023-07-12T03:40:13.401+0000] {spark_submit.py:490} INFO - 23/07/12 03:40:13 INFO SparkContext: Added JAR /tmp/drivers/postgresql-42.5.2.jar at spark://0bf9f3d34194:42407/jars/postgresql-42.5.2.jar with timestamp 1689133212710
[2023-07-12T03:40:13.473+0000] {spark_submit.py:490} INFO - 23/07/12 03:40:13 INFO Executor: Starting executor ID driver on host 0bf9f3d34194
[2023-07-12T03:40:13.481+0000] {spark_submit.py:490} INFO - 23/07/12 03:40:13 INFO Executor: Starting executor with user classpath (userClassPathFirst = false): 'file:/tmp/drivers/postgresql-42.5.2.jar,file:/opt/***/postgresql-42.5.2.jar'
[2023-07-12T03:40:13.497+0000] {spark_submit.py:490} INFO - 23/07/12 03:40:13 INFO Utils: Successfully started service 'org.apache.spark.network.netty.NettyBlockTransferService' on port 37145.
[2023-07-12T03:40:13.498+0000] {spark_submit.py:490} INFO - 23/07/12 03:40:13 INFO NettyBlockTransferService: Server created on 0bf9f3d34194:37145
[2023-07-12T03:40:13.499+0000] {spark_submit.py:490} INFO - 23/07/12 03:40:13 INFO BlockManager: Using org.apache.spark.storage.RandomBlockReplicationPolicy for block replication policy
[2023-07-12T03:40:13.504+0000] {spark_submit.py:490} INFO - 23/07/12 03:40:13 INFO BlockManagerMaster: Registering BlockManager BlockManagerId(driver, 0bf9f3d34194, 37145, None)
[2023-07-12T03:40:13.507+0000] {spark_submit.py:490} INFO - 23/07/12 03:40:13 INFO BlockManagerMasterEndpoint: Registering block manager 0bf9f3d34194:37145 with 434.4 MiB RAM, BlockManagerId(driver, 0bf9f3d34194, 37145, None)
[2023-07-12T03:40:13.510+0000] {spark_submit.py:490} INFO - 23/07/12 03:40:13 INFO BlockManagerMaster: Registered BlockManager BlockManagerId(driver, 0bf9f3d34194, 37145, None)
[2023-07-12T03:40:13.511+0000] {spark_submit.py:490} INFO - 23/07/12 03:40:13 INFO BlockManager: Initialized BlockManager: BlockManagerId(driver, 0bf9f3d34194, 37145, None)
[2023-07-12T03:40:13.739+0000] {spark_submit.py:490} INFO - /home/***/.local/lib/python3.7/site-packages/pyspark/python/lib/pyspark.zip/pyspark/context.py:317: FutureWarning: Python 3.7 support is deprecated in Spark 3.4.
[2023-07-12T03:40:13.740+0000] {spark_submit.py:490} INFO - warnings.warn("Python 3.7 support is deprecated in Spark 3.4.", FutureWarning)
[2023-07-12T03:40:13.922+0000] {spark_submit.py:490} INFO - >>> [init] Conectando a Redshift...
[2023-07-12T03:40:15.446+0000] {spark_submit.py:490} INFO - >>> [init] Conexión exitosa
[2023-07-12T03:40:15.456+0000] {spark_submit.py:490} INFO - >>> [execute] Ejecutando ETL...
[2023-07-12T03:40:15.458+0000] {spark_submit.py:490} INFO - >>> [E] Extrayendo datos de la API...
[2023-07-12T03:40:15.461+0000] {spark_submit.py:490} INFO - https://imdb-api.com/en/API/Top250Movies/k_lyn14g07
[2023-07-12T03:40:18.704+0000] {spark_submit.py:490} INFO - []
[2023-07-12T03:40:18.881+0000] {spark_submit.py:490} INFO - 23/07/12 03:40:18 INFO SharedState: Setting hive.metastore.warehouse.dir ('null') to the value of spark.sql.warehouse.dir.
[2023-07-12T03:40:18.892+0000] {spark_submit.py:490} INFO - 23/07/12 03:40:18 INFO SharedState: Warehouse path is 'file:/opt/***/spark-warehouse'.
[2023-07-12T03:40:21.784+0000] {spark_submit.py:490} INFO - 23/07/12 03:40:21 INFO CodeGenerator: Code generated in 250.986625 ms
[2023-07-12T03:40:21.879+0000] {spark_submit.py:490} INFO - 23/07/12 03:40:21 INFO SparkContext: Starting job: json at NativeMethodAccessorImpl.java:0
[2023-07-12T03:40:21.894+0000] {spark_submit.py:490} INFO - 23/07/12 03:40:21 INFO DAGScheduler: Got job 0 (json at NativeMethodAccessorImpl.java:0) with 1 output partitions
[2023-07-12T03:40:21.895+0000] {spark_submit.py:490} INFO - 23/07/12 03:40:21 INFO DAGScheduler: Final stage: ResultStage 0 (json at NativeMethodAccessorImpl.java:0)
[2023-07-12T03:40:21.895+0000] {spark_submit.py:490} INFO - 23/07/12 03:40:21 INFO DAGScheduler: Parents of final stage: List()
[2023-07-12T03:40:21.896+0000] {spark_submit.py:490} INFO - 23/07/12 03:40:21 INFO DAGScheduler: Missing parents: List()
[2023-07-12T03:40:21.900+0000] {spark_submit.py:490} INFO - 23/07/12 03:40:21 INFO DAGScheduler: Submitting ResultStage 0 (MapPartitionsRDD[6] at json at NativeMethodAccessorImpl.java:0), which has no missing parents
[2023-07-12T03:40:22.051+0000] {spark_submit.py:490} INFO - 23/07/12 03:40:22 INFO MemoryStore: Block broadcast_0 stored as values in memory (estimated size 20.0 KiB, free 434.4 MiB)
[2023-07-12T03:40:22.109+0000] {spark_submit.py:490} INFO - 23/07/12 03:40:22 INFO MemoryStore: Block broadcast_0_piece0 stored as bytes in memory (estimated size 9.7 KiB, free 434.4 MiB)
[2023-07-12T03:40:22.115+0000] {spark_submit.py:490} INFO - 23/07/12 03:40:22 INFO BlockManagerInfo: Added broadcast_0_piece0 in memory on 0bf9f3d34194:37145 (size: 9.7 KiB, free: 434.4 MiB)
[2023-07-12T03:40:22.120+0000] {spark_submit.py:490} INFO - 23/07/12 03:40:22 INFO SparkContext: Created broadcast 0 from broadcast at DAGScheduler.scala:1535
[2023-07-12T03:40:22.148+0000] {spark_submit.py:490} INFO - 23/07/12 03:40:22 INFO DAGScheduler: Submitting 1 missing tasks from ResultStage 0 (MapPartitionsRDD[6] at json at NativeMethodAccessorImpl.java:0) (first 15 tasks are for partitions Vector(0))
[2023-07-12T03:40:22.148+0000] {spark_submit.py:490} INFO - 23/07/12 03:40:22 INFO TaskSchedulerImpl: Adding task set 0.0 with 1 tasks resource profile 0
[2023-07-12T03:40:22.192+0000] {spark_submit.py:490} INFO - 23/07/12 03:40:22 INFO TaskSetManager: Starting task 0.0 in stage 0.0 (TID 0) (0bf9f3d34194, executor driver, partition 0, PROCESS_LOCAL, 7343 bytes)
[2023-07-12T03:40:22.202+0000] {spark_submit.py:490} INFO - 23/07/12 03:40:22 INFO Executor: Running task 0.0 in stage 0.0 (TID 0)
[2023-07-12T03:40:22.883+0000] {spark_submit.py:490} INFO - 23/07/12 03:40:22 INFO PythonRunner: Times: total = 572, boot = 564, init = 7, finish = 1
[2023-07-12T03:40:22.940+0000] {spark_submit.py:490} INFO - 23/07/12 03:40:22 INFO Executor: Finished task 0.0 in stage 0.0 (TID 0). 2089 bytes result sent to driver
[2023-07-12T03:40:22.949+0000] {spark_submit.py:490} INFO - 23/07/12 03:40:22 INFO TaskSetManager: Finished task 0.0 in stage 0.0 (TID 0) in 764 ms on 0bf9f3d34194 (executor driver) (1/1)
[2023-07-12T03:40:22.954+0000] {spark_submit.py:490} INFO - 23/07/12 03:40:22 INFO TaskSchedulerImpl: Removed TaskSet 0.0, whose tasks have all completed, from pool
[2023-07-12T03:40:22.960+0000] {spark_submit.py:490} INFO - 23/07/12 03:40:22 INFO PythonAccumulatorV2: Connected to AccumulatorServer at host: 127.0.0.1 port: 54027
[2023-07-12T03:40:22.976+0000] {spark_submit.py:490} INFO - 23/07/12 03:40:22 INFO DAGScheduler: ResultStage 0 (json at NativeMethodAccessorImpl.java:0) finished in 1.056 s
[2023-07-12T03:40:22.978+0000] {spark_submit.py:490} INFO - 23/07/12 03:40:22 INFO DAGScheduler: Job 0 is finished. Cancelling potential speculative or zombie tasks for this job
[2023-07-12T03:40:22.979+0000] {spark_submit.py:490} INFO - 23/07/12 03:40:22 INFO TaskSchedulerImpl: Killing all running tasks in stage 0: Stage finished
[2023-07-12T03:40:22.981+0000] {spark_submit.py:490} INFO - 23/07/12 03:40:22 INFO DAGScheduler: Job 0 finished: json at NativeMethodAccessorImpl.java:0, took 1.101685 s
[2023-07-12T03:40:23.072+0000] {spark_submit.py:490} INFO - root
[2023-07-12T03:40:23.075+0000] {spark_submit.py:490} INFO - 
[2023-07-12T03:40:23.124+0000] {spark_submit.py:490} INFO - 23/07/12 03:40:23 INFO CodeGenerator: Code generated in 6.129291 ms
[2023-07-12T03:40:23.136+0000] {spark_submit.py:490} INFO - 23/07/12 03:40:23 INFO SparkContext: Starting job: showString at NativeMethodAccessorImpl.java:0
[2023-07-12T03:40:23.139+0000] {spark_submit.py:490} INFO - 23/07/12 03:40:23 INFO DAGScheduler: Got job 1 (showString at NativeMethodAccessorImpl.java:0) with 1 output partitions
[2023-07-12T03:40:23.139+0000] {spark_submit.py:490} INFO - 23/07/12 03:40:23 INFO DAGScheduler: Final stage: ResultStage 1 (showString at NativeMethodAccessorImpl.java:0)
[2023-07-12T03:40:23.141+0000] {spark_submit.py:490} INFO - 23/07/12 03:40:23 INFO DAGScheduler: Parents of final stage: List()
[2023-07-12T03:40:23.142+0000] {spark_submit.py:490} INFO - 23/07/12 03:40:23 INFO DAGScheduler: Missing parents: List()
[2023-07-12T03:40:23.151+0000] {spark_submit.py:490} INFO - 23/07/12 03:40:23 INFO DAGScheduler: Submitting ResultStage 1 (MapPartitionsRDD[12] at showString at NativeMethodAccessorImpl.java:0), which has no missing parents
[2023-07-12T03:40:23.161+0000] {spark_submit.py:490} INFO - 23/07/12 03:40:23 INFO MemoryStore: Block broadcast_1 stored as values in memory (estimated size 17.6 KiB, free 434.4 MiB)
[2023-07-12T03:40:23.170+0000] {spark_submit.py:490} INFO - 23/07/12 03:40:23 INFO MemoryStore: Block broadcast_1_piece0 stored as bytes in memory (estimated size 9.0 KiB, free 434.3 MiB)
[2023-07-12T03:40:23.171+0000] {spark_submit.py:490} INFO - 23/07/12 03:40:23 INFO BlockManagerInfo: Added broadcast_1_piece0 in memory on 0bf9f3d34194:37145 (size: 9.0 KiB, free: 434.4 MiB)
[2023-07-12T03:40:23.171+0000] {spark_submit.py:490} INFO - 23/07/12 03:40:23 INFO SparkContext: Created broadcast 1 from broadcast at DAGScheduler.scala:1535
[2023-07-12T03:40:23.173+0000] {spark_submit.py:490} INFO - 23/07/12 03:40:23 INFO DAGScheduler: Submitting 1 missing tasks from ResultStage 1 (MapPartitionsRDD[12] at showString at NativeMethodAccessorImpl.java:0) (first 15 tasks are for partitions Vector(0))
[2023-07-12T03:40:23.173+0000] {spark_submit.py:490} INFO - 23/07/12 03:40:23 INFO TaskSchedulerImpl: Adding task set 1.0 with 1 tasks resource profile 0
[2023-07-12T03:40:23.175+0000] {spark_submit.py:490} INFO - 23/07/12 03:40:23 INFO TaskSetManager: Starting task 0.0 in stage 1.0 (TID 1) (0bf9f3d34194, executor driver, partition 0, PROCESS_LOCAL, 7343 bytes)
[2023-07-12T03:40:23.176+0000] {spark_submit.py:490} INFO - 23/07/12 03:40:23 INFO Executor: Running task 0.0 in stage 1.0 (TID 1)
[2023-07-12T03:40:23.200+0000] {spark_submit.py:490} INFO - 23/07/12 03:40:23 INFO BlockManagerInfo: Removed broadcast_0_piece0 on 0bf9f3d34194:37145 in memory (size: 9.7 KiB, free: 434.4 MiB)
[2023-07-12T03:40:23.245+0000] {spark_submit.py:490} INFO - 23/07/12 03:40:23 INFO PythonRunner: Times: total = 10, boot = -315, init = 325, finish = 0
[2023-07-12T03:40:23.257+0000] {spark_submit.py:490} INFO - 23/07/12 03:40:23 INFO Executor: Finished task 0.0 in stage 1.0 (TID 1). 1985 bytes result sent to driver
[2023-07-12T03:40:23.259+0000] {spark_submit.py:490} INFO - 23/07/12 03:40:23 INFO TaskSetManager: Finished task 0.0 in stage 1.0 (TID 1) in 84 ms on 0bf9f3d34194 (executor driver) (1/1)
[2023-07-12T03:40:23.260+0000] {spark_submit.py:490} INFO - 23/07/12 03:40:23 INFO TaskSchedulerImpl: Removed TaskSet 1.0, whose tasks have all completed, from pool
[2023-07-12T03:40:23.260+0000] {spark_submit.py:490} INFO - 23/07/12 03:40:23 INFO DAGScheduler: ResultStage 1 (showString at NativeMethodAccessorImpl.java:0) finished in 0.111 s
[2023-07-12T03:40:23.261+0000] {spark_submit.py:490} INFO - 23/07/12 03:40:23 INFO DAGScheduler: Job 1 is finished. Cancelling potential speculative or zombie tasks for this job
[2023-07-12T03:40:23.262+0000] {spark_submit.py:490} INFO - 23/07/12 03:40:23 INFO TaskSchedulerImpl: Killing all running tasks in stage 1: Stage finished
[2023-07-12T03:40:23.262+0000] {spark_submit.py:490} INFO - 23/07/12 03:40:23 INFO DAGScheduler: Job 1 finished: showString at NativeMethodAccessorImpl.java:0, took 0.124898 s
[2023-07-12T03:40:23.274+0000] {spark_submit.py:490} INFO - ++
[2023-07-12T03:40:23.275+0000] {spark_submit.py:490} INFO - ||
[2023-07-12T03:40:23.279+0000] {spark_submit.py:490} INFO - ++
[2023-07-12T03:40:23.280+0000] {spark_submit.py:490} INFO - ++
[2023-07-12T03:40:23.280+0000] {spark_submit.py:490} INFO - 
[2023-07-12T03:40:23.281+0000] {spark_submit.py:490} INFO - >>> [T] Transformando datos...
[2023-07-12T03:40:23.515+0000] {spark_submit.py:490} INFO - Traceback (most recent call last):
[2023-07-12T03:40:23.517+0000] {spark_submit.py:490} INFO - File "/opt/***/scripts/ETL_Movies.py", line 97, in <module>
[2023-07-12T03:40:23.518+0000] {spark_submit.py:490} INFO - etl.run()
[2023-07-12T03:40:23.519+0000] {spark_submit.py:490} INFO - File "/opt/***/scripts/ETL_Movies.py", line 18, in run
[2023-07-12T03:40:23.519+0000] {spark_submit.py:490} INFO - self.execute(process_date)
[2023-07-12T03:40:23.520+0000] {spark_submit.py:490} INFO - File "/opt/***/scripts/commons.py", line 71, in execute
[2023-07-12T03:40:23.521+0000] {spark_submit.py:490} INFO - df_transformed = self.transform(df_api)
[2023-07-12T03:40:23.522+0000] {spark_submit.py:490} INFO - File "/opt/***/scripts/ETL_Movies.py", line 55, in transform
[2023-07-12T03:40:23.523+0000] {spark_submit.py:490} INFO - df = df.withColumn('imDbRatingCount', col('imDbRatingCount') / 1000)
[2023-07-12T03:40:23.523+0000] {spark_submit.py:490} INFO - File "/home/***/.local/lib/python3.7/site-packages/pyspark/python/lib/pyspark.zip/pyspark/sql/dataframe.py", line 4789, in withColumn
[2023-07-12T03:40:23.524+0000] {spark_submit.py:490} INFO - File "/home/***/.local/lib/python3.7/site-packages/pyspark/python/lib/py4j-0.10.9.7-src.zip/py4j/java_gateway.py", line 1323, in __call__
[2023-07-12T03:40:23.525+0000] {spark_submit.py:490} INFO - File "/home/***/.local/lib/python3.7/site-packages/pyspark/python/lib/pyspark.zip/pyspark/errors/exceptions/captured.py", line 175, in deco
[2023-07-12T03:40:23.535+0000] {spark_submit.py:490} INFO - pyspark.errors.exceptions.captured.AnalysisException: [UNRESOLVED_COLUMN.WITHOUT_SUGGESTION] A column or function parameter with name `imDbRatingCount` cannot be resolved. ;
[2023-07-12T03:40:23.535+0000] {spark_submit.py:490} INFO - 'Project [('imDbRatingCount / 1000) AS imDbRatingCount#7]
[2023-07-12T03:40:23.536+0000] {spark_submit.py:490} INFO - +- Deduplicate
[2023-07-12T03:40:23.536+0000] {spark_submit.py:490} INFO - +- LogicalRDD false
[2023-07-12T03:40:23.537+0000] {spark_submit.py:490} INFO - 
[2023-07-12T03:40:23.615+0000] {spark_submit.py:490} INFO - 23/07/12 03:40:23 INFO SparkContext: Invoking stop() from shutdown hook
[2023-07-12T03:40:23.616+0000] {spark_submit.py:490} INFO - 23/07/12 03:40:23 INFO SparkContext: SparkContext is stopping with exitCode 0.
[2023-07-12T03:40:23.628+0000] {spark_submit.py:490} INFO - 23/07/12 03:40:23 INFO SparkUI: Stopped Spark web UI at http://0bf9f3d34194:4040
[2023-07-12T03:40:23.639+0000] {spark_submit.py:490} INFO - 23/07/12 03:40:23 INFO MapOutputTrackerMasterEndpoint: MapOutputTrackerMasterEndpoint stopped!
[2023-07-12T03:40:23.658+0000] {spark_submit.py:490} INFO - 23/07/12 03:40:23 INFO MemoryStore: MemoryStore cleared
[2023-07-12T03:40:23.659+0000] {spark_submit.py:490} INFO - 23/07/12 03:40:23 INFO BlockManager: BlockManager stopped
[2023-07-12T03:40:23.661+0000] {spark_submit.py:490} INFO - 23/07/12 03:40:23 INFO BlockManagerMaster: BlockManagerMaster stopped
[2023-07-12T03:40:23.663+0000] {spark_submit.py:490} INFO - 23/07/12 03:40:23 INFO OutputCommitCoordinator$OutputCommitCoordinatorEndpoint: OutputCommitCoordinator stopped!
[2023-07-12T03:40:23.670+0000] {spark_submit.py:490} INFO - 23/07/12 03:40:23 INFO SparkContext: Successfully stopped SparkContext
[2023-07-12T03:40:23.670+0000] {spark_submit.py:490} INFO - 23/07/12 03:40:23 INFO ShutdownHookManager: Shutdown hook called
[2023-07-12T03:40:23.671+0000] {spark_submit.py:490} INFO - 23/07/12 03:40:23 INFO ShutdownHookManager: Deleting directory /tmp/spark-de92d25d-7fd6-4aee-83de-96dab6dc8e13/pyspark-2620921f-c435-4624-8b61-ea6f2585a8f8
[2023-07-12T03:40:23.674+0000] {spark_submit.py:490} INFO - 23/07/12 03:40:23 INFO ShutdownHookManager: Deleting directory /tmp/spark-3b8fffbf-1b4c-4e25-b02e-479ecabe4ff8
[2023-07-12T03:40:23.678+0000] {spark_submit.py:490} INFO - 23/07/12 03:40:23 INFO ShutdownHookManager: Deleting directory /tmp/spark-de92d25d-7fd6-4aee-83de-96dab6dc8e13
[2023-07-12T03:40:23.790+0000] {taskinstance.py:1824} ERROR - Task failed with exception
Traceback (most recent call last):
  File "/home/airflow/.local/lib/python3.7/site-packages/airflow/providers/apache/spark/operators/spark_submit.py", line 157, in execute
    self._hook.submit(self._application)
  File "/home/airflow/.local/lib/python3.7/site-packages/airflow/providers/apache/spark/hooks/spark_submit.py", line 422, in submit
    f"Cannot execute: {self._mask_cmd(spark_submit_cmd)}. Error code is: {returncode}."
airflow.exceptions.AirflowException: Cannot execute: spark-submit --master spark://spark:7077 --driver-class-path /tmp/drivers/postgresql-42.5.2.jar --name arrow-spark /opt/***/scripts/ETL_Movies.py. Error code is: 1.
[2023-07-12T03:40:23.797+0000] {taskinstance.py:1350} INFO - Marking task as FAILED. dag_id=etl_movies, task_id=spark_etl_movies, execution_date=20230712T033957, start_date=20230712T034009, end_date=20230712T034023
[2023-07-12T03:40:23.828+0000] {standard_task_runner.py:109} ERROR - Failed to execute job 66 for task spark_etl_movies (Cannot execute: spark-submit --master spark://spark:7077 --driver-class-path /tmp/drivers/postgresql-42.5.2.jar --name arrow-spark /opt/***/scripts/ETL_Movies.py. Error code is: 1.; 202)
[2023-07-12T03:40:23.874+0000] {local_task_job_runner.py:225} INFO - Task exited with return code 1
[2023-07-12T03:40:23.920+0000] {taskinstance.py:2653} INFO - 0 downstream tasks scheduled from follow-on schedule check
