[2023-07-11T23:35:41.090+0000] {taskinstance.py:1103} INFO - Dependencies all met for dep_context=non-requeueable deps ti=<TaskInstance: etl_users.create_table manual__2023-07-11T23:35:34+00:00 [queued]>
[2023-07-11T23:35:41.096+0000] {taskinstance.py:1103} INFO - Dependencies all met for dep_context=requeueable deps ti=<TaskInstance: etl_users.create_table manual__2023-07-11T23:35:34+00:00 [queued]>
[2023-07-11T23:35:41.097+0000] {taskinstance.py:1308} INFO - Starting attempt 1 of 1
[2023-07-11T23:35:41.106+0000] {taskinstance.py:1327} INFO - Executing <Task(SQLExecuteQueryOperator): create_table> on 2023-07-11 23:35:34+00:00
[2023-07-11T23:35:41.110+0000] {standard_task_runner.py:57} INFO - Started process 329 to run task
[2023-07-11T23:35:41.114+0000] {standard_task_runner.py:84} INFO - Running: ['***', 'tasks', 'run', 'etl_users', 'create_table', 'manual__2023-07-11T23:35:34+00:00', '--job-id', '20', '--raw', '--subdir', 'DAGS_FOLDER/etl_users.py', '--cfg-path', '/tmp/tmpg1w64mww']
[2023-07-11T23:35:41.115+0000] {standard_task_runner.py:85} INFO - Job 20: Subtask create_table
[2023-07-11T23:35:41.170+0000] {task_command.py:410} INFO - Running <TaskInstance: etl_users.create_table manual__2023-07-11T23:35:34+00:00 [running]> on host 117998d95fb8
[2023-07-11T23:35:41.268+0000] {taskinstance.py:1547} INFO - Exporting env vars: AIRFLOW_CTX_DAG_OWNER='Lucas Trubiano' AIRFLOW_CTX_DAG_ID='etl_users' AIRFLOW_CTX_TASK_ID='create_table' AIRFLOW_CTX_EXECUTION_DATE='2023-07-11T23:35:34+00:00' AIRFLOW_CTX_TRY_NUMBER='1' AIRFLOW_CTX_DAG_RUN_ID='manual__2023-07-11T23:35:34+00:00'
[2023-07-11T23:35:41.269+0000] {sql.py:265} INFO - Executing: 
CREATE TABLE IF NOT EXISTS users (
    name VARCHAR(70),
    gender VARCHAR(1),
    age INT,
    is_under_20 BOOLEAN,
    is_over_40 BOOLEAN,
    email VARCHAR(50),
    nationality VARCHAR(5),
    process_date VARCHAR(10) distkey
) SORTKEY(process_date, nationality);
[2023-07-11T23:35:41.284+0000] {base.py:73} INFO - Using connection ID 'redshift_default' for task execution.
[2023-07-11T23:35:42.110+0000] {base.py:73} INFO - Using connection ID 'redshift_default' for task execution.
[2023-07-11T23:35:43.561+0000] {sql.py:375} INFO - Running statement: 
CREATE TABLE IF NOT EXISTS users (
    name VARCHAR(70),
    gender VARCHAR(1),
    age INT,
    is_under_20 BOOLEAN,
    is_over_40 BOOLEAN,
    email VARCHAR(50),
    nationality VARCHAR(5),
    process_date VARCHAR(10) distkey
) SORTKEY(process_date, nationality);, parameters: None
[2023-07-11T23:35:45.121+0000] {taskinstance.py:1350} INFO - Marking task as SUCCESS. dag_id=etl_users, task_id=create_table, execution_date=20230711T233534, start_date=20230711T233541, end_date=20230711T233545
[2023-07-11T23:35:45.195+0000] {local_task_job_runner.py:225} INFO - Task exited with return code 0
[2023-07-11T23:35:45.249+0000] {taskinstance.py:2653} INFO - 1 downstream tasks scheduled from follow-on schedule check
