[2023-07-12T00:00:12.960+0000] {taskinstance.py:1103} INFO - Dependencies all met for dep_context=non-requeueable deps ti=<TaskInstance: etl_users.create_table scheduled__2023-07-11T00:00:00+00:00 [queued]>
[2023-07-12T00:00:13.025+0000] {taskinstance.py:1103} INFO - Dependencies all met for dep_context=requeueable deps ti=<TaskInstance: etl_users.create_table scheduled__2023-07-11T00:00:00+00:00 [queued]>
[2023-07-12T00:00:13.028+0000] {taskinstance.py:1308} INFO - Starting attempt 1 of 1
[2023-07-12T00:00:13.135+0000] {taskinstance.py:1327} INFO - Executing <Task(SQLExecuteQueryOperator): create_table> on 2023-07-11 00:00:00+00:00
[2023-07-12T00:00:13.152+0000] {standard_task_runner.py:57} INFO - Started process 285 to run task
[2023-07-12T00:00:13.169+0000] {standard_task_runner.py:84} INFO - Running: ['***', 'tasks', 'run', 'etl_users', 'create_table', 'scheduled__2023-07-11T00:00:00+00:00', '--job-id', '33', '--raw', '--subdir', 'DAGS_FOLDER/etl_users.py', '--cfg-path', '/tmp/tmp9j9c8bny']
[2023-07-12T00:00:13.175+0000] {standard_task_runner.py:85} INFO - Job 33: Subtask create_table
[2023-07-12T00:00:13.553+0000] {task_command.py:410} INFO - Running <TaskInstance: etl_users.create_table scheduled__2023-07-11T00:00:00+00:00 [running]> on host 145e0d1493f3
[2023-07-12T00:00:14.229+0000] {taskinstance.py:1547} INFO - Exporting env vars: AIRFLOW_CTX_DAG_OWNER='Lucas Trubiano' AIRFLOW_CTX_DAG_ID='etl_users' AIRFLOW_CTX_TASK_ID='create_table' AIRFLOW_CTX_EXECUTION_DATE='2023-07-11T00:00:00+00:00' AIRFLOW_CTX_TRY_NUMBER='1' AIRFLOW_CTX_DAG_RUN_ID='scheduled__2023-07-11T00:00:00+00:00'
[2023-07-12T00:00:14.236+0000] {sql.py:265} INFO - Executing: 
CREATE TABLE IF NOT EXISTS users (
    name VARCHAR(70),
    gender VARCHAR(1),
    age INT,
    is_under_20 BOOLEAN,
    is_over_40 BOOLEAN,
    email VARCHAR(50),
    nationality VARCHAR(5),
    process_date VARCHAR(10) distkey
) SORTKEY(process_date, nationality);
[2023-07-12T00:00:14.324+0000] {base.py:73} INFO - Using connection ID 'redshift_default' for task execution.
[2023-07-12T00:00:20.794+0000] {base.py:73} INFO - Using connection ID 'redshift_default' for task execution.
[2023-07-12T00:00:24.609+0000] {sql.py:375} INFO - Running statement: 
CREATE TABLE IF NOT EXISTS users (
    name VARCHAR(70),
    gender VARCHAR(1),
    age INT,
    is_under_20 BOOLEAN,
    is_over_40 BOOLEAN,
    email VARCHAR(50),
    nationality VARCHAR(5),
    process_date VARCHAR(10) distkey
) SORTKEY(process_date, nationality);, parameters: None
[2023-07-12T00:00:26.433+0000] {taskinstance.py:1350} INFO - Marking task as SUCCESS. dag_id=etl_users, task_id=create_table, execution_date=20230711T000000, start_date=20230712T000012, end_date=20230712T000026
[2023-07-12T00:00:26.717+0000] {local_task_job_runner.py:225} INFO - Task exited with return code 0
[2023-07-12T00:00:27.035+0000] {taskinstance.py:2653} INFO - 1 downstream tasks scheduled from follow-on schedule check
