[2023-07-12T03:30:23.109+0000] {taskinstance.py:1103} INFO - Dependencies all met for dep_context=non-requeueable deps ti=<TaskInstance: etl_movies.spark_etl_movies scheduled__2023-07-11T00:00:00+00:00 [queued]>
[2023-07-12T03:30:23.115+0000] {taskinstance.py:1103} INFO - Dependencies all met for dep_context=requeueable deps ti=<TaskInstance: etl_movies.spark_etl_movies scheduled__2023-07-11T00:00:00+00:00 [queued]>
[2023-07-12T03:30:23.116+0000] {taskinstance.py:1308} INFO - Starting attempt 1 of 1
[2023-07-12T03:30:23.125+0000] {taskinstance.py:1327} INFO - Executing <Task(SparkSubmitOperator): spark_etl_movies> on 2023-07-11 00:00:00+00:00
[2023-07-12T03:30:23.128+0000] {standard_task_runner.py:57} INFO - Started process 1727 to run task
[2023-07-12T03:30:23.132+0000] {standard_task_runner.py:84} INFO - Running: ['***', 'tasks', 'run', 'etl_movies', 'spark_etl_movies', 'scheduled__2023-07-11T00:00:00+00:00', '--job-id', '61', '--raw', '--subdir', 'DAGS_FOLDER/etl_movies.py', '--cfg-path', '/tmp/tmp5gdy_pna']
[2023-07-12T03:30:23.133+0000] {standard_task_runner.py:85} INFO - Job 61: Subtask spark_etl_movies
[2023-07-12T03:30:23.189+0000] {task_command.py:410} INFO - Running <TaskInstance: etl_movies.spark_etl_movies scheduled__2023-07-11T00:00:00+00:00 [running]> on host 1f454e8d5326
[2023-07-12T03:30:23.308+0000] {taskinstance.py:1547} INFO - Exporting env vars: AIRFLOW_CTX_DAG_OWNER='Diego Rojas' AIRFLOW_CTX_DAG_ID='etl_movies' AIRFLOW_CTX_TASK_ID='spark_etl_movies' AIRFLOW_CTX_EXECUTION_DATE='2023-07-11T00:00:00+00:00' AIRFLOW_CTX_TRY_NUMBER='1' AIRFLOW_CTX_DAG_RUN_ID='scheduled__2023-07-11T00:00:00+00:00'
[2023-07-12T03:30:23.320+0000] {base.py:73} INFO - Using connection ID 'spark_default' for task execution.
[2023-07-12T03:30:23.320+0000] {spark_submit.py:339} INFO - Spark-Submit cmd: spark-submit --master spark://spark:7077 --driver-class-path /tmp/drivers/postgresql-42.5.2.jar --name arrow-spark /opt/***/scripts/ETL_Movies.py
[2023-07-12T03:30:23.435+0000] {spark_submit.py:490} INFO - /home/***/.local/lib/python3.7/site-packages/pyspark/bin/load-spark-env.sh: line 68: ps: command not found
[2023-07-12T03:30:25.954+0000] {spark_submit.py:490} INFO - Corriendo script
[2023-07-12T03:30:25.957+0000] {spark_submit.py:490} INFO - >>> [init] Inicializando ETL...
[2023-07-12T03:30:26.015+0000] {spark_submit.py:490} INFO - 23/07/12 03:30:26 INFO SparkContext: Running Spark version 3.4.1
[2023-07-12T03:30:26.056+0000] {spark_submit.py:490} INFO - 23/07/12 03:30:26 WARN NativeCodeLoader: Unable to load native-hadoop library for your platform... using builtin-java classes where applicable
[2023-07-12T03:30:26.140+0000] {spark_submit.py:490} INFO - 23/07/12 03:30:26 INFO ResourceUtils: ==============================================================
[2023-07-12T03:30:26.141+0000] {spark_submit.py:490} INFO - 23/07/12 03:30:26 INFO ResourceUtils: No custom resources configured for spark.driver.
[2023-07-12T03:30:26.141+0000] {spark_submit.py:490} INFO - 23/07/12 03:30:26 INFO ResourceUtils: ==============================================================
[2023-07-12T03:30:26.142+0000] {spark_submit.py:490} INFO - 23/07/12 03:30:26 INFO SparkContext: Submitted application: ETL Spark
[2023-07-12T03:30:26.158+0000] {spark_submit.py:490} INFO - 23/07/12 03:30:26 INFO ResourceProfile: Default ResourceProfile created, executor resources: Map(cores -> name: cores, amount: 1, script: , vendor: , memory -> name: memory, amount: 1024, script: , vendor: , offHeap -> name: offHeap, amount: 0, script: , vendor: ), task resources: Map(cpus -> name: cpus, amount: 1.0)
[2023-07-12T03:30:26.166+0000] {spark_submit.py:490} INFO - 23/07/12 03:30:26 INFO ResourceProfile: Limiting resource is cpu
[2023-07-12T03:30:26.166+0000] {spark_submit.py:490} INFO - 23/07/12 03:30:26 INFO ResourceProfileManager: Added ResourceProfile id: 0
[2023-07-12T03:30:26.214+0000] {spark_submit.py:490} INFO - 23/07/12 03:30:26 INFO SecurityManager: Changing view acls to: ***
[2023-07-12T03:30:26.215+0000] {spark_submit.py:490} INFO - 23/07/12 03:30:26 INFO SecurityManager: Changing modify acls to: ***
[2023-07-12T03:30:26.216+0000] {spark_submit.py:490} INFO - 23/07/12 03:30:26 INFO SecurityManager: Changing view acls groups to:
[2023-07-12T03:30:26.216+0000] {spark_submit.py:490} INFO - 23/07/12 03:30:26 INFO SecurityManager: Changing modify acls groups to:
[2023-07-12T03:30:26.217+0000] {spark_submit.py:490} INFO - 23/07/12 03:30:26 INFO SecurityManager: SecurityManager: authentication disabled; ui acls disabled; users with view permissions: ***; groups with view permissions: EMPTY; users with modify permissions: ***; groups with modify permissions: EMPTY
[2023-07-12T03:30:26.403+0000] {spark_submit.py:490} INFO - 23/07/12 03:30:26 INFO Utils: Successfully started service 'sparkDriver' on port 33093.
[2023-07-12T03:30:26.438+0000] {spark_submit.py:490} INFO - 23/07/12 03:30:26 INFO SparkEnv: Registering MapOutputTracker
[2023-07-12T03:30:26.473+0000] {spark_submit.py:490} INFO - 23/07/12 03:30:26 INFO SparkEnv: Registering BlockManagerMaster
[2023-07-12T03:30:26.487+0000] {spark_submit.py:490} INFO - 23/07/12 03:30:26 INFO BlockManagerMasterEndpoint: Using org.apache.spark.storage.DefaultTopologyMapper for getting topology information
[2023-07-12T03:30:26.488+0000] {spark_submit.py:490} INFO - 23/07/12 03:30:26 INFO BlockManagerMasterEndpoint: BlockManagerMasterEndpoint up
[2023-07-12T03:30:26.490+0000] {spark_submit.py:490} INFO - 23/07/12 03:30:26 INFO SparkEnv: Registering BlockManagerMasterHeartbeat
[2023-07-12T03:30:26.505+0000] {spark_submit.py:490} INFO - 23/07/12 03:30:26 INFO DiskBlockManager: Created local directory at /tmp/blockmgr-cb0c77cb-1462-414d-876c-8951576dce30
[2023-07-12T03:30:26.516+0000] {spark_submit.py:490} INFO - 23/07/12 03:30:26 INFO MemoryStore: MemoryStore started with capacity 434.4 MiB
[2023-07-12T03:30:26.526+0000] {spark_submit.py:490} INFO - 23/07/12 03:30:26 INFO SparkEnv: Registering OutputCommitCoordinator
[2023-07-12T03:30:26.623+0000] {spark_submit.py:490} INFO - 23/07/12 03:30:26 INFO JettyUtils: Start Jetty 0.0.0.0:4040 for SparkUI
[2023-07-12T03:30:26.666+0000] {spark_submit.py:490} INFO - 23/07/12 03:30:26 INFO Utils: Successfully started service 'SparkUI' on port 4040.
[2023-07-12T03:30:26.695+0000] {spark_submit.py:490} INFO - 23/07/12 03:30:26 INFO SparkContext: Added JAR /tmp/drivers/postgresql-42.5.2.jar at spark://1f454e8d5326:33093/jars/postgresql-42.5.2.jar with timestamp 1689132626004
[2023-07-12T03:30:26.748+0000] {spark_submit.py:490} INFO - 23/07/12 03:30:26 INFO Executor: Starting executor ID driver on host 1f454e8d5326
[2023-07-12T03:30:26.752+0000] {spark_submit.py:490} INFO - 23/07/12 03:30:26 INFO Executor: Starting executor with user classpath (userClassPathFirst = false): 'file:/tmp/drivers/postgresql-42.5.2.jar,file:/opt/***/postgresql-42.5.2.jar'
[2023-07-12T03:30:26.765+0000] {spark_submit.py:490} INFO - 23/07/12 03:30:26 INFO Utils: Successfully started service 'org.apache.spark.network.netty.NettyBlockTransferService' on port 34241.
[2023-07-12T03:30:26.765+0000] {spark_submit.py:490} INFO - 23/07/12 03:30:26 INFO NettyBlockTransferService: Server created on 1f454e8d5326:34241
[2023-07-12T03:30:26.766+0000] {spark_submit.py:490} INFO - 23/07/12 03:30:26 INFO BlockManager: Using org.apache.spark.storage.RandomBlockReplicationPolicy for block replication policy
[2023-07-12T03:30:26.771+0000] {spark_submit.py:490} INFO - 23/07/12 03:30:26 INFO BlockManagerMaster: Registering BlockManager BlockManagerId(driver, 1f454e8d5326, 34241, None)
[2023-07-12T03:30:26.774+0000] {spark_submit.py:490} INFO - 23/07/12 03:30:26 INFO BlockManagerMasterEndpoint: Registering block manager 1f454e8d5326:34241 with 434.4 MiB RAM, BlockManagerId(driver, 1f454e8d5326, 34241, None)
[2023-07-12T03:30:26.775+0000] {spark_submit.py:490} INFO - 23/07/12 03:30:26 INFO BlockManagerMaster: Registered BlockManager BlockManagerId(driver, 1f454e8d5326, 34241, None)
[2023-07-12T03:30:26.775+0000] {spark_submit.py:490} INFO - 23/07/12 03:30:26 INFO BlockManager: Initialized BlockManager: BlockManagerId(driver, 1f454e8d5326, 34241, None)
[2023-07-12T03:30:26.943+0000] {spark_submit.py:490} INFO - /home/***/.local/lib/python3.7/site-packages/pyspark/python/lib/pyspark.zip/pyspark/context.py:317: FutureWarning: Python 3.7 support is deprecated in Spark 3.4.
[2023-07-12T03:30:26.945+0000] {spark_submit.py:490} INFO - warnings.warn("Python 3.7 support is deprecated in Spark 3.4.", FutureWarning)
[2023-07-12T03:30:27.169+0000] {spark_submit.py:490} INFO - >>> [init] Conectando a Redshift...
[2023-07-12T03:30:28.637+0000] {spark_submit.py:490} INFO - >>> [init] Conexión exitosa
[2023-07-12T03:30:28.640+0000] {spark_submit.py:490} INFO - >>> [execute] Ejecutando ETL...
[2023-07-12T03:30:28.642+0000] {spark_submit.py:490} INFO - >>> [E] Extrayendo datos de la API...
[2023-07-12T03:30:28.644+0000] {spark_submit.py:490} INFO - Traceback (most recent call last):
[2023-07-12T03:30:28.646+0000] {spark_submit.py:490} INFO - File "/opt/***/scripts/ETL_Movies.py", line 95, in <module>
[2023-07-12T03:30:28.648+0000] {spark_submit.py:490} INFO - etl.run()
[2023-07-12T03:30:28.649+0000] {spark_submit.py:490} INFO - File "/opt/***/scripts/ETL_Movies.py", line 18, in run
[2023-07-12T03:30:28.651+0000] {spark_submit.py:490} INFO - self.execute(process_date)
[2023-07-12T03:30:28.653+0000] {spark_submit.py:490} INFO - File "/opt/***/scripts/commons.py", line 68, in execute
[2023-07-12T03:30:28.656+0000] {spark_submit.py:490} INFO - df_api = self.extract()
[2023-07-12T03:30:28.658+0000] {spark_submit.py:490} INFO - File "/opt/***/scripts/ETL_Movies.py", line 26, in extract
[2023-07-12T03:30:28.659+0000] {spark_submit.py:490} INFO - api_key_value = env['API_KEY']
[2023-07-12T03:30:28.660+0000] {spark_submit.py:490} INFO - File "/usr/local/lib/python3.7/os.py", line 681, in __getitem__
[2023-07-12T03:30:28.662+0000] {spark_submit.py:490} INFO - raise KeyError(key) from None
[2023-07-12T03:30:28.663+0000] {spark_submit.py:490} INFO - KeyError: 'API_KEY'
[2023-07-12T03:30:28.736+0000] {spark_submit.py:490} INFO - 23/07/12 03:30:28 INFO SparkContext: Invoking stop() from shutdown hook
[2023-07-12T03:30:28.737+0000] {spark_submit.py:490} INFO - 23/07/12 03:30:28 INFO SparkContext: SparkContext is stopping with exitCode 0.
[2023-07-12T03:30:28.747+0000] {spark_submit.py:490} INFO - 23/07/12 03:30:28 INFO SparkUI: Stopped Spark web UI at http://1f454e8d5326:4040
[2023-07-12T03:30:28.756+0000] {spark_submit.py:490} INFO - 23/07/12 03:30:28 INFO MapOutputTrackerMasterEndpoint: MapOutputTrackerMasterEndpoint stopped!
[2023-07-12T03:30:28.776+0000] {spark_submit.py:490} INFO - 23/07/12 03:30:28 INFO MemoryStore: MemoryStore cleared
[2023-07-12T03:30:28.776+0000] {spark_submit.py:490} INFO - 23/07/12 03:30:28 INFO BlockManager: BlockManager stopped
[2023-07-12T03:30:28.781+0000] {spark_submit.py:490} INFO - 23/07/12 03:30:28 INFO BlockManagerMaster: BlockManagerMaster stopped
[2023-07-12T03:30:28.783+0000] {spark_submit.py:490} INFO - 23/07/12 03:30:28 INFO OutputCommitCoordinator$OutputCommitCoordinatorEndpoint: OutputCommitCoordinator stopped!
[2023-07-12T03:30:28.789+0000] {spark_submit.py:490} INFO - 23/07/12 03:30:28 INFO SparkContext: Successfully stopped SparkContext
[2023-07-12T03:30:28.789+0000] {spark_submit.py:490} INFO - 23/07/12 03:30:28 INFO ShutdownHookManager: Shutdown hook called
[2023-07-12T03:30:28.790+0000] {spark_submit.py:490} INFO - 23/07/12 03:30:28 INFO ShutdownHookManager: Deleting directory /tmp/spark-12326af5-b97b-474e-87c2-b074f4015529
[2023-07-12T03:30:28.794+0000] {spark_submit.py:490} INFO - 23/07/12 03:30:28 INFO ShutdownHookManager: Deleting directory /tmp/spark-dcf6dbbc-5dae-41a7-bbe7-36645294ff4a/pyspark-d3665ab1-befe-49f0-b796-1b6a8dfd578f
[2023-07-12T03:30:28.798+0000] {spark_submit.py:490} INFO - 23/07/12 03:30:28 INFO ShutdownHookManager: Deleting directory /tmp/spark-dcf6dbbc-5dae-41a7-bbe7-36645294ff4a
[2023-07-12T03:30:28.884+0000] {taskinstance.py:1824} ERROR - Task failed with exception
Traceback (most recent call last):
  File "/home/airflow/.local/lib/python3.7/site-packages/airflow/providers/apache/spark/operators/spark_submit.py", line 157, in execute
    self._hook.submit(self._application)
  File "/home/airflow/.local/lib/python3.7/site-packages/airflow/providers/apache/spark/hooks/spark_submit.py", line 422, in submit
    f"Cannot execute: {self._mask_cmd(spark_submit_cmd)}. Error code is: {returncode}."
airflow.exceptions.AirflowException: Cannot execute: spark-submit --master spark://spark:7077 --driver-class-path /tmp/drivers/postgresql-42.5.2.jar --name arrow-spark /opt/***/scripts/ETL_Movies.py. Error code is: 1.
[2023-07-12T03:30:28.896+0000] {taskinstance.py:1350} INFO - Marking task as FAILED. dag_id=etl_movies, task_id=spark_etl_movies, execution_date=20230711T000000, start_date=20230712T033023, end_date=20230712T033028
[2023-07-12T03:30:28.918+0000] {standard_task_runner.py:109} ERROR - Failed to execute job 61 for task spark_etl_movies (Cannot execute: spark-submit --master spark://spark:7077 --driver-class-path /tmp/drivers/postgresql-42.5.2.jar --name arrow-spark /opt/***/scripts/ETL_Movies.py. Error code is: 1.; 1727)
[2023-07-12T03:30:28.967+0000] {local_task_job_runner.py:225} INFO - Task exited with return code 1
[2023-07-12T03:30:28.993+0000] {taskinstance.py:2653} INFO - 0 downstream tasks scheduled from follow-on schedule check
