[2023-07-12T03:30:12.151+0000] {taskinstance.py:1103} INFO - Dependencies all met for dep_context=non-requeueable deps ti=<TaskInstance: etl_movies.create_table scheduled__2023-07-11T00:00:00+00:00 [queued]>
[2023-07-12T03:30:12.169+0000] {taskinstance.py:1103} INFO - Dependencies all met for dep_context=requeueable deps ti=<TaskInstance: etl_movies.create_table scheduled__2023-07-11T00:00:00+00:00 [queued]>
[2023-07-12T03:30:12.170+0000] {taskinstance.py:1308} INFO - Starting attempt 1 of 1
[2023-07-12T03:30:12.191+0000] {taskinstance.py:1327} INFO - Executing <Task(SQLExecuteQueryOperator): create_table> on 2023-07-11 00:00:00+00:00
[2023-07-12T03:30:12.200+0000] {standard_task_runner.py:57} INFO - Started process 1718 to run task
[2023-07-12T03:30:12.207+0000] {standard_task_runner.py:84} INFO - Running: ['***', 'tasks', 'run', 'etl_movies', 'create_table', 'scheduled__2023-07-11T00:00:00+00:00', '--job-id', '59', '--raw', '--subdir', 'DAGS_FOLDER/etl_movies.py', '--cfg-path', '/tmp/tmpfeouln3j']
[2023-07-12T03:30:12.209+0000] {standard_task_runner.py:85} INFO - Job 59: Subtask create_table
[2023-07-12T03:30:12.301+0000] {task_command.py:410} INFO - Running <TaskInstance: etl_movies.create_table scheduled__2023-07-11T00:00:00+00:00 [running]> on host 1f454e8d5326
[2023-07-12T03:30:12.427+0000] {taskinstance.py:1547} INFO - Exporting env vars: AIRFLOW_CTX_DAG_OWNER='Diego Rojas' AIRFLOW_CTX_DAG_ID='etl_movies' AIRFLOW_CTX_TASK_ID='create_table' AIRFLOW_CTX_EXECUTION_DATE='2023-07-11T00:00:00+00:00' AIRFLOW_CTX_TRY_NUMBER='1' AIRFLOW_CTX_DAG_RUN_ID='scheduled__2023-07-11T00:00:00+00:00'
[2023-07-12T03:30:12.428+0000] {sql.py:265} INFO - Executing: 
CREATE TABLE IF NOT EXISTS top_movies_imdb (
    crew VARCHAR(256),
    fulltitle VARCHAR(256),
    id VARCHAR(256),
    imdbrating FLOAT,
    imdbratingcount INT,
    image VARCHAR(256),
    rank VARCHAR(256),
    title VARCHAR(256),
    year INT,
    age_of_movie INT,
    rating_scaled FLOAT,
    rating_category VARCHAR(256),
    process_date VARCHAR(10) distkey
) SORTKEY(process_date, id);
[2023-07-12T03:30:12.440+0000] {base.py:73} INFO - Using connection ID 'redshift_default' for task execution.
[2023-07-12T03:30:13.279+0000] {base.py:73} INFO - Using connection ID 'redshift_default' for task execution.
[2023-07-12T03:30:14.851+0000] {sql.py:375} INFO - Running statement: 
CREATE TABLE IF NOT EXISTS top_movies_imdb (
    crew VARCHAR(256),
    fulltitle VARCHAR(256),
    id VARCHAR(256),
    imdbrating FLOAT,
    imdbratingcount INT,
    image VARCHAR(256),
    rank VARCHAR(256),
    title VARCHAR(256),
    year INT,
    age_of_movie INT,
    rating_scaled FLOAT,
    rating_category VARCHAR(256),
    process_date VARCHAR(10) distkey
) SORTKEY(process_date, id);, parameters: None
[2023-07-12T03:30:16.385+0000] {taskinstance.py:1350} INFO - Marking task as SUCCESS. dag_id=etl_movies, task_id=create_table, execution_date=20230711T000000, start_date=20230712T033012, end_date=20230712T033016
[2023-07-12T03:30:16.447+0000] {local_task_job_runner.py:225} INFO - Task exited with return code 0
[2023-07-12T03:30:16.517+0000] {taskinstance.py:2653} INFO - 1 downstream tasks scheduled from follow-on schedule check
