[2023-07-12T00:00:46.190+0000] {taskinstance.py:1103} INFO - Dependencies all met for dep_context=non-requeueable deps ti=<TaskInstance: etl_users.spark_etl_users scheduled__2023-07-11T00:00:00+00:00 [queued]>
[2023-07-12T00:00:46.249+0000] {taskinstance.py:1103} INFO - Dependencies all met for dep_context=requeueable deps ti=<TaskInstance: etl_users.spark_etl_users scheduled__2023-07-11T00:00:00+00:00 [queued]>
[2023-07-12T00:00:46.251+0000] {taskinstance.py:1308} INFO - Starting attempt 1 of 1
[2023-07-12T00:00:46.357+0000] {taskinstance.py:1327} INFO - Executing <Task(SparkSubmitOperator): spark_etl_users> on 2023-07-11 00:00:00+00:00
[2023-07-12T00:00:46.384+0000] {standard_task_runner.py:57} INFO - Started process 311 to run task
[2023-07-12T00:00:46.397+0000] {standard_task_runner.py:84} INFO - Running: ['***', 'tasks', 'run', 'etl_users', 'spark_etl_users', 'scheduled__2023-07-11T00:00:00+00:00', '--job-id', '35', '--raw', '--subdir', 'DAGS_FOLDER/etl_users.py', '--cfg-path', '/tmp/tmp5pymvhog']
[2023-07-12T00:00:46.404+0000] {standard_task_runner.py:85} INFO - Job 35: Subtask spark_etl_users
[2023-07-12T00:00:46.715+0000] {task_command.py:410} INFO - Running <TaskInstance: etl_users.spark_etl_users scheduled__2023-07-11T00:00:00+00:00 [running]> on host 145e0d1493f3
[2023-07-12T00:00:47.602+0000] {taskinstance.py:1547} INFO - Exporting env vars: AIRFLOW_CTX_DAG_OWNER='Lucas Trubiano' AIRFLOW_CTX_DAG_ID='etl_users' AIRFLOW_CTX_TASK_ID='spark_etl_users' AIRFLOW_CTX_EXECUTION_DATE='2023-07-11T00:00:00+00:00' AIRFLOW_CTX_TRY_NUMBER='1' AIRFLOW_CTX_DAG_RUN_ID='scheduled__2023-07-11T00:00:00+00:00'
[2023-07-12T00:00:47.679+0000] {base.py:73} INFO - Using connection ID 'spark_default' for task execution.
[2023-07-12T00:00:47.690+0000] {spark_submit.py:339} INFO - Spark-Submit cmd: spark-submit --master spark://spark:7077 --driver-class-path /tmp/drivers/postgresql-42.5.2.jar --name arrow-spark /opt/***/scripts/ETL_Users.py
[2023-07-12T00:00:49.190+0000] {spark_submit.py:490} INFO - /home/***/.local/lib/python3.7/site-packages/pyspark/bin/load-spark-env.sh: line 68: ps: command not found
[2023-07-12T00:01:27.205+0000] {spark_submit.py:490} INFO - Corriendo script
[2023-07-12T00:01:27.213+0000] {spark_submit.py:490} INFO - >>> [init] Inicializando ETL...
[2023-07-12T00:01:28.186+0000] {spark_submit.py:490} INFO - 23/07/12 00:01:28 INFO SparkContext: Running Spark version 3.4.1
[2023-07-12T00:01:28.975+0000] {spark_submit.py:490} INFO - 23/07/12 00:01:28 WARN NativeCodeLoader: Unable to load native-hadoop library for your platform... using builtin-java classes where applicable
[2023-07-12T00:01:30.291+0000] {spark_submit.py:490} INFO - 23/07/12 00:01:30 INFO ResourceUtils: ==============================================================
[2023-07-12T00:01:30.305+0000] {spark_submit.py:490} INFO - 23/07/12 00:01:30 INFO ResourceUtils: No custom resources configured for spark.driver.
[2023-07-12T00:01:30.308+0000] {spark_submit.py:490} INFO - 23/07/12 00:01:30 INFO ResourceUtils: ==============================================================
[2023-07-12T00:01:30.313+0000] {spark_submit.py:490} INFO - 23/07/12 00:01:30 INFO SparkContext: Submitted application: ETL Spark
[2023-07-12T00:01:30.544+0000] {spark_submit.py:490} INFO - 23/07/12 00:01:30 INFO ResourceProfile: Default ResourceProfile created, executor resources: Map(cores -> name: cores, amount: 1, script: , vendor: , memory -> name: memory, amount: 1024, script: , vendor: , offHeap -> name: offHeap, amount: 0, script: , vendor: ), task resources: Map(cpus -> name: cpus, amount: 1.0)
[2023-07-12T00:01:30.648+0000] {spark_submit.py:490} INFO - 23/07/12 00:01:30 INFO ResourceProfile: Limiting resource is cpu
[2023-07-12T00:01:30.654+0000] {spark_submit.py:490} INFO - 23/07/12 00:01:30 INFO ResourceProfileManager: Added ResourceProfile id: 0
[2023-07-12T00:01:31.568+0000] {spark_submit.py:490} INFO - 23/07/12 00:01:31 INFO SecurityManager: Changing view acls to: ***
[2023-07-12T00:01:31.587+0000] {spark_submit.py:490} INFO - 23/07/12 00:01:31 INFO SecurityManager: Changing modify acls to: ***
[2023-07-12T00:01:31.606+0000] {spark_submit.py:490} INFO - 23/07/12 00:01:31 INFO SecurityManager: Changing view acls groups to:
[2023-07-12T00:01:31.621+0000] {spark_submit.py:490} INFO - 23/07/12 00:01:31 INFO SecurityManager: Changing modify acls groups to:
[2023-07-12T00:01:31.639+0000] {spark_submit.py:490} INFO - 23/07/12 00:01:31 INFO SecurityManager: SecurityManager: authentication disabled; ui acls disabled; users with view permissions: ***; groups with view permissions: EMPTY; users with modify permissions: ***; groups with modify permissions: EMPTY
[2023-07-12T00:01:34.155+0000] {spark_submit.py:490} INFO - 23/07/12 00:01:34 INFO Utils: Successfully started service 'sparkDriver' on port 45619.
[2023-07-12T00:01:34.734+0000] {spark_submit.py:490} INFO - 23/07/12 00:01:34 INFO SparkEnv: Registering MapOutputTracker
[2023-07-12T00:01:35.092+0000] {spark_submit.py:490} INFO - 23/07/12 00:01:35 INFO SparkEnv: Registering BlockManagerMaster
[2023-07-12T00:01:35.254+0000] {spark_submit.py:490} INFO - 23/07/12 00:01:35 INFO BlockManagerMasterEndpoint: Using org.apache.spark.storage.DefaultTopologyMapper for getting topology information
[2023-07-12T00:01:35.263+0000] {spark_submit.py:490} INFO - 23/07/12 00:01:35 INFO BlockManagerMasterEndpoint: BlockManagerMasterEndpoint up
[2023-07-12T00:01:35.302+0000] {spark_submit.py:490} INFO - 23/07/12 00:01:35 INFO SparkEnv: Registering BlockManagerMasterHeartbeat
[2023-07-12T00:01:35.478+0000] {spark_submit.py:490} INFO - 23/07/12 00:01:35 INFO DiskBlockManager: Created local directory at /tmp/blockmgr-1fbc91ed-5643-4d37-8881-7486dbf57ce9
[2023-07-12T00:01:35.588+0000] {spark_submit.py:490} INFO - 23/07/12 00:01:35 INFO MemoryStore: MemoryStore started with capacity 434.4 MiB
[2023-07-12T00:01:35.715+0000] {spark_submit.py:490} INFO - 23/07/12 00:01:35 INFO SparkEnv: Registering OutputCommitCoordinator
[2023-07-12T00:01:37.641+0000] {spark_submit.py:490} INFO - 23/07/12 00:01:37 INFO JettyUtils: Start Jetty 0.0.0.0:4040 for SparkUI
[2023-07-12T00:01:38.658+0000] {spark_submit.py:490} INFO - 23/07/12 00:01:38 INFO Utils: Successfully started service 'SparkUI' on port 4040.
[2023-07-12T00:01:39.110+0000] {spark_submit.py:490} INFO - 23/07/12 00:01:39 INFO SparkContext: Added JAR /tmp/drivers/postgresql-42.5.2.jar at spark://145e0d1493f3:45619/jars/postgresql-42.5.2.jar with timestamp 1689120087974
[2023-07-12T00:01:39.992+0000] {spark_submit.py:490} INFO - 23/07/12 00:01:39 INFO Executor: Starting executor ID driver on host 145e0d1493f3
[2023-07-12T00:01:40.064+0000] {spark_submit.py:490} INFO - 23/07/12 00:01:40 INFO Executor: Starting executor with user classpath (userClassPathFirst = false): 'file:/tmp/drivers/postgresql-42.5.2.jar,file:/opt/***/postgresql-42.5.2.jar'
[2023-07-12T00:01:40.228+0000] {spark_submit.py:490} INFO - 23/07/12 00:01:40 INFO Utils: Successfully started service 'org.apache.spark.network.netty.NettyBlockTransferService' on port 34425.
[2023-07-12T00:01:40.231+0000] {spark_submit.py:490} INFO - 23/07/12 00:01:40 INFO NettyBlockTransferService: Server created on 145e0d1493f3:34425
[2023-07-12T00:01:40.248+0000] {spark_submit.py:490} INFO - 23/07/12 00:01:40 INFO BlockManager: Using org.apache.spark.storage.RandomBlockReplicationPolicy for block replication policy
[2023-07-12T00:01:40.290+0000] {spark_submit.py:490} INFO - 23/07/12 00:01:40 INFO BlockManagerMaster: Registering BlockManager BlockManagerId(driver, 145e0d1493f3, 34425, None)
[2023-07-12T00:01:40.331+0000] {spark_submit.py:490} INFO - 23/07/12 00:01:40 INFO BlockManagerMasterEndpoint: Registering block manager 145e0d1493f3:34425 with 434.4 MiB RAM, BlockManagerId(driver, 145e0d1493f3, 34425, None)
[2023-07-12T00:01:40.348+0000] {spark_submit.py:490} INFO - 23/07/12 00:01:40 INFO BlockManagerMaster: Registered BlockManager BlockManagerId(driver, 145e0d1493f3, 34425, None)
[2023-07-12T00:01:40.359+0000] {spark_submit.py:490} INFO - 23/07/12 00:01:40 INFO BlockManager: Initialized BlockManager: BlockManagerId(driver, 145e0d1493f3, 34425, None)
[2023-07-12T00:01:43.486+0000] {spark_submit.py:490} INFO - /home/***/.local/lib/python3.7/site-packages/pyspark/python/lib/pyspark.zip/pyspark/context.py:317: FutureWarning: Python 3.7 support is deprecated in Spark 3.4.
[2023-07-12T00:01:43.506+0000] {spark_submit.py:490} INFO - warnings.warn("Python 3.7 support is deprecated in Spark 3.4.", FutureWarning)
[2023-07-12T00:01:46.108+0000] {spark_submit.py:490} INFO - >>> [init] Conectando a Redshift...
[2023-07-12T00:01:48.320+0000] {spark_submit.py:490} INFO - >>> [init] No se pudo conectar a Redshift
[2023-07-12T00:01:48.333+0000] {spark_submit.py:490} INFO - >>> [execute] Ejecutando ETL...
[2023-07-12T00:01:48.335+0000] {spark_submit.py:490} INFO - >>> [E] Extrayendo datos de la API...
[2023-07-12T00:01:49.278+0000] {spark_submit.py:490} INFO - [{'gender': 'female', 'name': {'title': 'Miss', 'first': 'Sanni', 'last': 'Heikkinen'}, 'location': {'street': {'number': 6958, 'name': 'Korkeavuorenkatu'}, 'city': 'Jomala', 'state': 'Northern Savonia', 'country': 'Finland', 'postcode': 51864, 'coordinates': {'latitude': '-26.5895', 'longitude': '33.1993'}, 'timezone': {'offset': '+2:00', 'description': 'Kaliningrad, South Africa'}}, 'email': 'sanni.heikkinen@example.com', 'login': {'uuid': 'd208b526-746d-43ec-9d5c-d4a3928d9f63', 'username': 'silversnake359', 'password': 'eclipse1', 'salt': 'ryZm4YtY', 'md5': 'e1c9d62bd8aff963ef670e8a7aa03268', 'sha1': '327a833f684be272c87fad892eaf74746f37806e', 'sha256': 'd91b3b1ad763afca39bdab511f3a9df5b6732e064dec9a8cddcc55395160c8bc'}, 'dob': {'date': '1982-03-31T01:46:03.808Z', 'age': 41}, 'registered': {'date': '2006-07-19T08:16:48.027Z', 'age': 16}, 'phone': '03-585-942', 'cell': '049-492-36-00', 'id': {'name': 'HETU', 'value': 'NaNNA930undefined'}, 'picture': {'large': 'https://randomuser.me/api/portraits/women/58.jpg', 'medium': 'https://randomuser.me/api/portraits/med/women/58.jpg', 'thumbnail': 'https://randomuser.me/api/portraits/thumb/women/58.jpg'}, 'nat': 'FI'}, {'gender': 'female', 'name': {'title': 'Ms', 'first': 'Thea', 'last': 'Taylor'}, 'location': {'street': {'number': 1306, 'name': 'Main Street West'}, 'city': 'Blenheim', 'state': 'Southland', 'country': 'New Zealand', 'postcode': 66223, 'coordinates': {'latitude': '75.3205', 'longitude': '-24.9032'}, 'timezone': {'offset': '+11:00', 'description': 'Magadan, Solomon Islands, New Caledonia'}}, 'email': 'thea.taylor@example.com', 'login': {'uuid': 'f46a01f5-0c8f-4bcf-a80a-907055279795', 'username': 'organicgoose625', 'password': 'janine', 'salt': 'bEautjCL', 'md5': '95f6579135bb761bd9307d905e88260f', 'sha1': '3086623e6943ec28ca3415f18bd1e811e38d45f2', 'sha256': 'ec81a4bb7a9e994567cd3967143a8ce8d983e145286af5d8aa68494abc266df7'}, 'dob': {'date': '1999-12-31T12:04:09.950Z', 'age': 23}, 'registered': {'date': '2003-10-03T06:17:18.047Z', 'age': 19}, 'phone': '(873)-346-0236', 'cell': '(738)-669-3101', 'id': {'name': '', 'value': None}, 'picture': {'large': 'https://randomuser.me/api/portraits/women/57.jpg', 'medium': 'https://randomuser.me/api/portraits/med/women/57.jpg', 'thumbnail': 'https://randomuser.me/api/portraits/thumb/women/57.jpg'}, 'nat': 'NZ'}]
[2023-07-12T00:01:51.477+0000] {spark_submit.py:490} INFO - 23/07/12 00:01:51 INFO SharedState: Setting hive.metastore.warehouse.dir ('null') to the value of spark.sql.warehouse.dir.
[2023-07-12T00:01:51.629+0000] {spark_submit.py:490} INFO - 23/07/12 00:01:51 INFO SharedState: Warehouse path is 'file:/opt/***/spark-warehouse'.
[2023-07-12T00:02:52.626+0000] {spark_submit.py:490} INFO - 23/07/12 00:02:52 INFO CodeGenerator: Code generated in 5495.457711 ms
[2023-07-12T00:03:01.845+0000] {spark_submit.py:490} INFO - 23/07/12 00:03:01 INFO SparkContext: Starting job: json at NativeMethodAccessorImpl.java:0
[2023-07-12T00:03:02.534+0000] {spark_submit.py:490} INFO - 23/07/12 00:03:02 INFO DAGScheduler: Got job 0 (json at NativeMethodAccessorImpl.java:0) with 1 output partitions
[2023-07-12T00:03:02.570+0000] {spark_submit.py:490} INFO - 23/07/12 00:03:02 INFO DAGScheduler: Final stage: ResultStage 0 (json at NativeMethodAccessorImpl.java:0)
[2023-07-12T00:03:02.586+0000] {spark_submit.py:490} INFO - 23/07/12 00:03:02 INFO DAGScheduler: Parents of final stage: List()
[2023-07-12T00:03:02.602+0000] {spark_submit.py:490} INFO - 23/07/12 00:03:02 INFO DAGScheduler: Missing parents: List()
[2023-07-12T00:03:02.711+0000] {spark_submit.py:490} INFO - 23/07/12 00:03:02 INFO DAGScheduler: Submitting ResultStage 0 (MapPartitionsRDD[6] at json at NativeMethodAccessorImpl.java:0), which has no missing parents
[2023-07-12T00:03:09.721+0000] {spark_submit.py:490} INFO - 23/07/12 00:03:09 INFO MemoryStore: Block broadcast_0 stored as values in memory (estimated size 20.0 KiB, free 434.4 MiB)
[2023-07-12T00:03:10.479+0000] {spark_submit.py:490} INFO - 23/07/12 00:03:10 INFO MemoryStore: Block broadcast_0_piece0 stored as bytes in memory (estimated size 9.7 KiB, free 434.4 MiB)
[2023-07-12T00:03:10.650+0000] {spark_submit.py:490} INFO - 23/07/12 00:03:10 INFO BlockManagerInfo: Added broadcast_0_piece0 in memory on 145e0d1493f3:34425 (size: 9.7 KiB, free: 434.4 MiB)
[2023-07-12T00:03:11.007+0000] {spark_submit.py:490} INFO - 23/07/12 00:03:10 INFO SparkContext: Created broadcast 0 from broadcast at DAGScheduler.scala:1535
[2023-07-12T00:03:11.705+0000] {spark_submit.py:490} INFO - 23/07/12 00:03:11 INFO DAGScheduler: Submitting 1 missing tasks from ResultStage 0 (MapPartitionsRDD[6] at json at NativeMethodAccessorImpl.java:0) (first 15 tasks are for partitions Vector(0))
[2023-07-12T00:03:11.736+0000] {spark_submit.py:490} INFO - 23/07/12 00:03:11 INFO TaskSchedulerImpl: Adding task set 0.0 with 1 tasks resource profile 0
[2023-07-12T00:03:14.715+0000] {spark_submit.py:490} INFO - 23/07/12 00:03:14 INFO TaskSetManager: Starting task 0.0 in stage 0.0 (TID 0) (145e0d1493f3, executor driver, partition 0, PROCESS_LOCAL, 9276 bytes)
[2023-07-12T00:03:15.792+0000] {spark_submit.py:490} INFO - 23/07/12 00:03:15 INFO Executor: Running task 0.0 in stage 0.0 (TID 0)
[2023-07-12T00:04:02.522+0000] {taskinstance.py:1824} ERROR - Task failed with exception
Traceback (most recent call last):
  File "/home/airflow/.local/lib/python3.7/site-packages/airflow/providers/apache/spark/operators/spark_submit.py", line 157, in execute
    self._hook.submit(self._application)
  File "/home/airflow/.local/lib/python3.7/site-packages/airflow/providers/apache/spark/hooks/spark_submit.py", line 422, in submit
    f"Cannot execute: {self._mask_cmd(spark_submit_cmd)}. Error code is: {returncode}."
airflow.exceptions.AirflowException: Cannot execute: spark-submit --master spark://spark:7077 --driver-class-path /tmp/drivers/postgresql-42.5.2.jar --name arrow-spark /opt/***/scripts/ETL_Users.py. Error code is: -9.
[2023-07-12T00:04:02.751+0000] {taskinstance.py:1350} INFO - Marking task as FAILED. dag_id=etl_users, task_id=spark_etl_users, execution_date=20230711T000000, start_date=20230712T000046, end_date=20230712T000402
[2023-07-12T00:04:03.180+0000] {standard_task_runner.py:109} ERROR - Failed to execute job 35 for task spark_etl_users (Cannot execute: spark-submit --master spark://spark:7077 --driver-class-path /tmp/drivers/postgresql-42.5.2.jar --name arrow-spark /opt/***/scripts/ETL_Users.py. Error code is: -9.; 311)
[2023-07-12T00:04:03.310+0000] {local_task_job_runner.py:225} INFO - Task exited with return code 1
[2023-07-12T00:04:03.595+0000] {taskinstance.py:2653} INFO - 0 downstream tasks scheduled from follow-on schedule check
